SF:lib/core/errors/failures.dart
DA:6,4
DA:11,2
DA:12,6
DA:17,1
DA:23,1
DA:28,1
DA:33,3
DA:38,2
DA:43,2
LF:9
LH:9
end_of_record
SF:lib/app_router.dart
DA:43,1
DA:44,1
DA:45,1
DA:52,2
DA:53,1
DA:54,2
DA:55,1
DA:60,1
DA:61,1
DA:63,1
DA:64,1
DA:67,1
DA:71,1
DA:74,1
DA:75,1
DA:78,1
DA:79,3
DA:81,2
DA:82,1
DA:83,2
DA:84,3
DA:85,2
DA:86,1
DA:89,1
DA:90,1
DA:93,1
DA:95,2
DA:96,4
DA:97,0
DA:101,2
DA:102,2
DA:105,2
DA:106,1
DA:107,1
DA:108,1
DA:109,1
DA:110,1
DA:111,2
DA:112,1
DA:115,0
DA:117,0
DA:118,0
DA:120,0
DA:121,0
DA:123,0
DA:124,0
DA:126,0
DA:127,0
DA:130,0
DA:132,0
DA:133,0
DA:136,0
DA:137,0
DA:140,0
DA:142,0
DA:145,0
DA:147,0
DA:150,0
DA:151,0
DA:152,0
DA:153,0
DA:156,0
DA:159,0
DA:160,0
DA:162,0
DA:165,0
DA:167,0
DA:168,0
DA:170,0
DA:171,0
DA:174,0
DA:175,0
DA:178,0
DA:181,0
DA:183,0
DA:186,0
DA:189,0
DA:190,0
DA:192,0
DA:195,0
DA:196,0
DA:198,0
DA:201,0
DA:202,0
DA:204,0
DA:207,0
DA:209,0
DA:212,0
DA:215,0
DA:216,0
DA:218,0
DA:221,0
DA:223,0
DA:226,0
DA:229,0
DA:231,0
DA:234,0
DA:237,0
DA:239,0
DA:242,0
DA:245,0
DA:246,0
DA:248,0
DA:251,0
DA:252,0
DA:254,0
DA:257,0
DA:258,0
DA:260,0
DA:263,0
DA:264,0
DA:266,0
DA:269,0
DA:271,0
DA:272,0
DA:276,0
DA:279,0
DA:281,0
DA:284,0
DA:287,0
DA:289,0
DA:290,0
DA:291,0
DA:292,0
DA:293,0
DA:297,0
DA:300,0
DA:301,0
DA:303,0
DA:306,0
DA:308,0
DA:311,0
DA:312,0
DA:313,0
DA:315,0
DA:317,0
DA:318,0
DA:319,0
DA:320,0
DA:323,0
DA:324,0
DA:325,0
DA:326,0
DA:329,0
DA:330,0
DA:336,0
DA:337,0
DA:338,0
DA:341,0
DA:342,0
DA:343,0
DA:344,0
DA:347,0
DA:348,0
DA:354,0
DA:355,0
DA:356,0
DA:359,0
DA:360,0
DA:361,0
DA:362,0
DA:365,0
DA:370,0
DA:373,0
DA:378,0
DA:381,0
DA:386,0
DA:389,0
DA:400,0
DA:403,0
DA:405,0
DA:406,0
DA:407,0
DA:408,0
DA:413,0
DA:414,0
DA:415,0
DA:416,0
DA:417,0
DA:418,0
DA:419,0
DA:423,0
DA:428,0
DA:432,0
DA:433,0
DA:443,1
DA:444,2
DA:445,3
DA:448,1
DA:449,3
DA:450,1
DA:451,1
DA:452,1
DA:453,1
DA:454,1
DA:455,1
DA:456,1
DA:457,1
DA:461,0
DA:465,0
DA:466,0
DA:468,0
DA:469,0
DA:472,0
DA:473,0
DA:480,0
LF:206
LH:51
end_of_record
SF:lib/core/accessibility/motion.dart
DA:3,2
DA:4,2
DA:6,2
DA:9,0
DA:10,0
LF:5
LH:3
end_of_record
SF:lib/core/auth/runtime_auth_session_manager.dart
DA:12,3
DA:14,6
DA:15,3
DA:30,0
DA:31,0
DA:32,0
DA:34,0
DA:37,0
DA:41,0
DA:42,0
DA:43,0
DA:46,0
DA:49,3
DA:50,6
DA:52,0
DA:53,0
DA:54,0
DA:55,0
DA:58,0
DA:60,3
DA:61,6
DA:63,0
DA:64,0
DA:66,0
DA:68,0
DA:69,0
DA:71,0
DA:72,0
DA:74,0
DA:76,0
DA:77,0
DA:80,0
DA:81,0
DA:84,0
DA:88,0
DA:89,0
DA:96,0
DA:97,0
DA:98,0
DA:99,0
DA:101,0
DA:104,0
DA:105,0
DA:108,0
DA:109,0
DA:111,0
DA:114,0
DA:115,0
DA:119,0
DA:122,0
DA:123,0
DA:126,0
DA:128,0
DA:130,0
DA:131,0
DA:133,0
DA:134,0
DA:135,0
DA:139,0
DA:140,0
DA:141,0
DA:144,0
DA:145,0
DA:146,0
DA:147,0
DA:148,0
DA:149,0
DA:151,0
DA:152,0
DA:153,0
DA:154,0
DA:155,0
DA:156,0
DA:158,0
DA:159,0
DA:160,0
DA:162,0
DA:164,0
DA:165,0
DA:167,0
DA:170,0
DA:173,0
DA:174,0
DA:175,0
DA:177,0
DA:179,0
DA:181,0
DA:184,0
DA:188,0
DA:191,0
DA:192,0
DA:193,0
DA:194,0
DA:195,0
DA:197,0
DA:201,0
DA:202,0
DA:205,0
DA:207,0
DA:211,0
DA:212,0
DA:213,0
DA:220,0
DA:221,0
DA:224,0
DA:225,0
DA:230,0
DA:233,0
DA:236,0
DA:237,0
DA:241,0
DA:242,0
DA:243,0
DA:246,0
DA:247,0
DA:248,0
DA:251,0
DA:252,0
DA:256,0
DA:261,0
DA:262,0
DA:265,0
DA:266,0
DA:267,0
DA:269,0
DA:273,0
DA:279,0
DA:280,0
DA:281,0
DA:282,0
DA:283,0
DA:287,0
DA:288,0
DA:289,0
DA:293,0
DA:294,0
DA:295,0
LF:137
LH:7
end_of_record
SF:lib/config/app_config.dart
DA:47,1
DA:48,5
DA:50,2
DA:51,8
DA:52,2
DA:56,0
DA:57,0
DA:59,0
DA:62,2
DA:63,2
DA:65,0
DA:68,0
DA:69,0
DA:71,0
DA:72,0
DA:73,0
DA:74,0
DA:76,0
DA:78,2
DA:79,2
DA:80,2
DA:81,2
DA:83,0
DA:85,0
DA:86,0
DA:88,0
DA:89,0
DA:90,0
DA:92,0
DA:99,0
DA:103,0
DA:104,0
DA:105,0
DA:106,0
DA:108,0
DA:109,0
DA:110,0
DA:117,0
DA:118,0
DA:119,0
DA:120,1
DA:121,1
DA:122,0
DA:123,8
LF:44
LH:14
end_of_record
SF:lib/core/config/platform_feature_access.dart
DA:27,5
DA:32,15
DA:34,1
DA:35,2
DA:40,0
DA:41,0
DA:45,0
DA:52,4
DA:56,4
DA:60,4
DA:65,3
DA:66,6
DA:71,3
DA:72,1
DA:73,3
DA:74,1
DA:75,2
DA:76,0
DA:81,3
DA:82,3
DA:83,4
DA:84,2
DA:85,0
DA:86,0
DA:90,2
DA:91,2
DA:92,4
DA:93,2
DA:95,2
DA:99,1
DA:100,1
DA:101,3
DA:103,3
DA:104,0
DA:105,0
DA:106,1
DA:107,1
DA:113,0
DA:116,0
DA:117,0
DA:118,0
DA:121,0
DA:122,0
DA:123,0
DA:126,1
DA:127,2
DA:128,1
DA:129,2
DA:130,1
DA:134,1
DA:135,1
DA:136,0
DA:137,0
DA:138,0
DA:139,0
DA:143,1
DA:146,1
DA:147,2
DA:148,2
DA:149,3
DA:153,2
DA:155,1
DA:156,1
DA:160,1
DA:161,1
DA:162,1
DA:164,1
DA:165,1
DA:166,1
DA:168,0
DA:169,0
DA:172,1
DA:173,1
DA:174,1
DA:175,1
DA:176,3
DA:178,3
DA:179,1
DA:180,1
DA:181,2
DA:187,1
DA:189,1
DA:190,4
DA:191,1
DA:194,2
DA:195,2
DA:197,4
DA:198,2
DA:205,12
DA:207,3
DA:208,6
DA:213,1
DA:214,1
DA:215,2
DA:220,0
DA:221,0
DA:222,0
DA:223,0
DA:225,0
DA:228,0
DA:233,0
DA:237,0
DA:238,0
DA:239,0
LF:104
LH:73
end_of_record
SF:lib/core/runtime/app_runtime_state.dart
DA:23,0
DA:24,0
DA:26,0
DA:27,0
DA:30,0
DA:31,0
DA:32,0
DA:36,0
DA:37,0
DA:38,0
DA:42,0
DA:43,0
DA:44,0
DA:48,0
DA:49,0
DA:52,0
DA:53,0
DA:54,0
DA:59,18
DA:60,0
DA:62,0
DA:63,0
DA:64,0
DA:65,0
LF:24
LH:1
end_of_record
SF:lib/features/auth/screens/splash_screen.dart
DA:13,0
DA:19,0
DA:20,0
DA:29,0
DA:31,0
DA:32,0
DA:36,0
DA:37,0
DA:40,0
DA:42,0
DA:45,0
DA:48,0
DA:49,0
DA:50,0
DA:51,0
DA:54,0
DA:55,0
DA:58,0
DA:59,0
DA:60,0
DA:61,0
DA:62,0
DA:63,0
DA:65,0
DA:66,0
DA:69,0
DA:70,0
DA:71,0
DA:72,0
DA:75,0
DA:76,0
DA:77,0
DA:83,0
DA:85,0
DA:86,0
DA:89,0
DA:91,0
DA:92,0
DA:94,0
DA:96,0
DA:97,0
DA:99,0
DA:100,0
DA:101,0
DA:102,0
DA:103,0
DA:105,0
DA:106,0
DA:107,0
DA:108,0
DA:115,0
DA:116,0
DA:117,0
DA:118,0
DA:119,0
DA:121,0
DA:122,0
DA:123,0
DA:130,0
DA:132,0
DA:150,1
DA:155,2
DA:156,1
DA:157,1
LF:64
LH:4
end_of_record
SF:lib/features/auth/screens/whatsapp_login_screen.dart
DA:29,3
DA:31,2
DA:32,2
DA:38,4
DA:39,4
DA:52,2
DA:54,4
DA:55,4
DA:56,2
DA:58,4
DA:59,2
DA:61,3
DA:62,2
DA:69,6
DA:71,2
DA:72,8
DA:73,4
DA:74,4
DA:75,4
DA:77,2
DA:78,10
DA:79,2
DA:80,4
DA:81,6
DA:82,2
DA:83,4
DA:86,0
DA:87,0
DA:89,1
DA:90,4
DA:93,1
DA:94,1
DA:95,2
DA:96,0
DA:100,2
DA:101,1
DA:102,1
DA:106,3
DA:107,1
DA:108,1
DA:111,3
DA:112,1
DA:114,3
DA:116,0
DA:118,0
DA:119,0
DA:121,0
DA:122,0
DA:125,4
DA:129,1
DA:130,5
DA:131,2
DA:132,0
DA:136,2
DA:137,1
DA:138,1
DA:142,3
DA:143,2
DA:144,1
DA:145,4
DA:146,0
DA:147,0
DA:149,0
DA:150,0
DA:153,4
DA:157,0
DA:158,0
DA:159,0
DA:161,0
DA:162,0
DA:163,0
DA:167,0
DA:168,0
DA:169,0
DA:170,0
DA:173,0
DA:174,0
DA:179,1
DA:180,1
DA:181,1
DA:182,2
DA:183,0
DA:184,0
DA:187,0
DA:188,0
DA:189,0
DA:194,0
DA:195,0
DA:196,0
DA:197,0
DA:198,0
DA:199,0
DA:204,1
DA:205,4
DA:206,1
DA:212,2
DA:213,2
DA:214,6
DA:216,2
DA:219,1
DA:220,2
DA:221,4
DA:222,0
DA:224,0
DA:228,5
DA:229,4
DA:230,1
DA:231,0
DA:235,0
DA:239,0
DA:240,0
DA:241,0
DA:245,0
DA:246,0
DA:247,0
DA:248,0
DA:249,0
DA:254,2
DA:255,6
DA:256,2
DA:257,2
DA:260,4
DA:261,2
DA:264,4
DA:266,4
DA:267,0
DA:268,0
DA:269,0
DA:273,2
DA:275,2
DA:276,2
DA:277,2
DA:278,2
DA:280,4
DA:281,0
DA:284,4
DA:285,6
DA:286,6
DA:288,4
DA:292,2
DA:293,4
DA:294,2
DA:295,2
DA:299,0
DA:300,0
DA:301,0
DA:302,0
DA:303,0
DA:305,0
DA:306,0
DA:308,0
DA:309,0
DA:311,0
DA:315,2
DA:319,4
DA:320,4
DA:327,2
DA:329,6
DA:330,2
DA:331,2
DA:333,2
DA:335,2
DA:336,4
DA:340,4
DA:342,0
DA:343,2
DA:345,2
DA:347,2
DA:348,2
DA:349,2
DA:350,2
DA:352,2
DA:353,2
DA:354,4
DA:356,2
DA:359,2
DA:360,2
DA:363,0
DA:369,2
DA:371,2
DA:374,2
DA:375,2
DA:379,6
DA:385,2
DA:388,2
DA:390,2
DA:391,1
DA:398,2
DA:419,2
DA:428,2
DA:429,4
DA:431,2
DA:434,4
DA:436,2
DA:439,4
DA:440,10
DA:441,4
DA:443,0
DA:444,0
DA:445,0
DA:447,0
DA:449,2
DA:452,2
DA:453,2
DA:454,2
DA:461,2
DA:462,2
DA:464,2
DA:474,2
DA:476,2
DA:477,2
DA:479,2
DA:480,0
DA:481,2
DA:484,2
DA:485,4
DA:488,2
DA:489,2
DA:490,4
DA:495,2
DA:496,2
DA:497,2
DA:498,2
DA:502,2
DA:503,2
DA:504,4
DA:506,6
DA:512,2
DA:519,2
DA:520,2
DA:522,2
DA:525,2
DA:526,4
DA:528,6
DA:532,2
DA:533,4
DA:534,6
DA:539,4
DA:546,2
DA:547,2
DA:548,2
DA:549,4
DA:554,2
DA:555,2
DA:562,2
DA:563,0
DA:564,0
DA:565,0
DA:573,2
DA:575,2
DA:576,2
DA:578,2
DA:579,2
DA:581,6
DA:591,0
DA:595,0
DA:596,0
DA:598,0
DA:599,2
DA:601,2
DA:602,4
DA:604,2
DA:608,2
DA:613,1
DA:620,1
DA:623,1
DA:624,1
DA:625,1
DA:632,1
DA:633,1
DA:635,1
DA:645,1
DA:646,4
DA:647,1
DA:648,1
DA:649,1
DA:650,4
DA:652,1
DA:653,2
DA:654,2
DA:655,2
DA:659,2
DA:660,4
DA:665,1
DA:668,3
DA:672,1
DA:673,1
DA:674,1
DA:675,3
DA:680,1
DA:681,1
DA:688,1
DA:689,1
DA:690,1
DA:699,0
DA:703,0
DA:704,1
DA:706,1
DA:707,2
DA:711,1
DA:712,1
DA:713,1
DA:714,1
DA:717,1
DA:718,2
DA:719,1
DA:720,2
DA:721,1
DA:722,1
DA:723,1
DA:726,2
DA:727,1
DA:733,1
DA:735,1
DA:737,1
DA:738,2
DA:739,1
DA:742,4
DA:752,1
DA:753,1
DA:754,1
DA:756,1
DA:758,3
DA:768,2
DA:769,2
DA:773,2
DA:786,2
DA:788,2
DA:789,2
DA:791,2
DA:794,2
DA:795,6
DA:797,2
DA:798,2
DA:800,2
DA:805,2
DA:807,2
DA:808,2
DA:810,2
DA:812,4
DA:813,2
DA:828,0
DA:842,0
DA:844,0
DA:845,0
DA:848,0
DA:849,0
DA:850,0
DA:851,0
DA:853,0
DA:855,0
DA:856,0
DA:858,0
DA:859,0
DA:860,0
DA:861,0
DA:866,0
DA:867,0
DA:868,0
DA:869,0
DA:877,0
DA:882,0
DA:886,0
DA:887,0
DA:892,0
DA:897,0
DA:899,0
DA:907,0
DA:909,0
DA:910,0
DA:911,0
DA:914,0
DA:916,0
DA:917,0
DA:920,0
DA:921,0
DA:922,0
DA:923,0
DA:924,0
DA:926,0
DA:927,0
DA:928,0
DA:929,0
DA:930,0
DA:933,0
DA:934,0
DA:935,0
DA:936,0
DA:938,0
DA:943,0
DA:945,0
DA:950,0
DA:952,0
DA:953,0
DA:954,0
DA:958,0
DA:960,0
DA:962,0
DA:965,0
DA:967,0
DA:971,0
DA:973,0
DA:974,0
DA:975,0
DA:977,0
DA:985,0
DA:986,0
DA:987,0
DA:990,0
DA:992,0
DA:994,0
DA:1001,0
DA:1003,0
DA:1004,0
DA:1006,0
DA:1007,0
DA:1009,0
DA:1010,0
DA:1012,0
DA:1026,0
DA:1027,0
DA:1028,0
DA:1030,0
DA:1031,0
DA:1032,0
DA:1034,0
DA:1035,0
DA:1042,0
DA:1044,0
DA:1046,0
DA:1047,0
DA:1048,0
DA:1049,0
DA:1050,0
DA:1055,0
DA:1056,0
DA:1057,0
DA:1058,0
DA:1060,0
DA:1062,0
DA:1063,0
DA:1065,0
DA:1067,0
DA:1073,0
DA:1075,0
DA:1076,0
DA:1077,0
DA:1079,0
DA:1080,0
DA:1082,0
DA:1084,0
DA:1085,0
DA:1086,0
DA:1087,0
DA:1088,0
DA:1090,0
DA:1091,0
DA:1096,0
DA:1097,0
DA:1098,0
DA:1099,0
DA:1103,0
DA:1104,0
DA:1107,0
DA:1108,0
DA:1109,0
DA:1110,0
DA:1119,0
DA:1120,0
DA:1121,0
DA:1129,0
DA:1130,0
DA:1131,0
DA:1139,0
LF:474
LH:263
end_of_record
SF:lib/features/games/screens/game_detail_screen.dart
DA:17,0
DA:21,0
DA:23,0
DA:25,0
DA:26,0
DA:27,0
DA:28,0
DA:30,0
DA:34,0
DA:38,0
DA:40,0
DA:49,0
DA:51,0
DA:52,0
DA:53,0
DA:62,0
DA:66,0
DA:68,0
DA:69,0
DA:70,0
DA:71,0
DA:72,0
DA:74,0
DA:76,0
DA:77,0
DA:78,0
DA:79,0
DA:80,0
DA:83,0
DA:85,0
DA:87,0
DA:88,0
DA:89,0
DA:90,0
DA:92,0
DA:94,0
DA:96,0
DA:98,0
DA:99,0
DA:107,0
DA:111,0
DA:113,0
DA:114,0
DA:116,0
DA:124,0
DA:126,0
DA:128,0
DA:129,0
DA:130,0
DA:131,0
DA:133,0
DA:134,0
DA:143,0
DA:144,0
DA:145,0
DA:152,0
DA:153,0
DA:160,0
DA:161,0
DA:162,0
DA:163,0
DA:165,0
DA:169,0
DA:170,0
DA:172,0
DA:184,0
DA:188,0
DA:190,0
DA:193,0
DA:198,0
DA:203,0
DA:207,0
DA:209,0
DA:210,0
DA:211,0
DA:213,0
DA:214,0
DA:216,0
DA:217,0
DA:219,0
DA:226,0
DA:245,0
DA:249,0
DA:250,0
DA:251,0
DA:252,0
DA:253,0
DA:254,0
DA:257,0
DA:258,0
DA:259,0
DA:260,0
DA:261,0
DA:263,0
DA:264,0
DA:268,0
DA:273,0
DA:274,0
DA:276,0
DA:277,0
DA:278,0
DA:279,0
DA:281,0
DA:282,0
DA:286,0
DA:288,0
DA:289,0
DA:291,0
DA:293,0
DA:294,0
DA:295,0
DA:302,0
DA:303,0
DA:304,0
DA:311,0
DA:312,0
DA:317,0
DA:318,0
DA:320,0
DA:321,0
DA:322,0
DA:323,0
DA:325,0
DA:326,0
DA:327,0
DA:333,0
DA:334,0
DA:344,0
DA:345,0
DA:346,0
DA:347,0
DA:348,0
DA:362,0
DA:366,0
DA:367,0
DA:374,0
DA:376,0
DA:377,0
DA:380,0
DA:381,0
DA:382,0
DA:383,0
DA:384,0
DA:386,0
DA:388,0
DA:389,0
DA:390,0
DA:391,0
DA:392,0
DA:393,0
DA:396,0
DA:397,0
DA:398,0
DA:399,0
DA:400,0
DA:401,0
DA:409,0
DA:410,0
DA:412,0
DA:416,0
DA:418,0
DA:429,0
DA:431,0
DA:433,0
DA:434,0
DA:435,0
DA:442,0
DA:443,0
DA:447,0
DA:448,0
DA:449,0
DA:451,0
DA:453,0
DA:454,0
DA:455,0
DA:460,0
DA:461,0
DA:462,0
DA:466,0
DA:468,0
DA:469,0
DA:471,0
DA:484,0
DA:488,0
DA:494,0
DA:495,0
DA:498,0
DA:499,0
DA:500,0
DA:502,0
DA:503,0
DA:507,0
DA:508,0
DA:511,0
DA:512,0
DA:513,0
DA:515,0
DA:516,0
DA:520,0
DA:522,0
DA:523,0
DA:533,0
DA:535,0
DA:537,0
DA:553,0
DA:563,0
DA:564,0
DA:565,0
DA:566,0
DA:567,0
DA:568,0
DA:569,0
DA:572,0
DA:574,0
DA:576,0
DA:577,0
DA:581,0
DA:582,0
DA:586,0
DA:597,0
DA:599,0
DA:600,0
DA:612,0
DA:616,0
DA:618,0
DA:620,0
DA:622,0
DA:624,0
DA:630,0
DA:631,0
DA:633,0
DA:634,0
DA:635,0
DA:636,0
DA:637,0
DA:641,0
DA:642,0
DA:659,0
DA:664,0
DA:666,0
DA:668,0
DA:669,0
DA:671,0
DA:673,0
DA:675,0
DA:676,0
DA:677,0
DA:685,0
DA:686,0
DA:702,0
DA:706,0
DA:708,0
DA:709,0
DA:710,0
DA:711,0
DA:712,0
DA:715,0
DA:717,0
DA:718,0
DA:721,0
DA:722,0
DA:723,0
DA:734,3
DA:736,0
DA:738,0
DA:740,0
DA:741,0
DA:756,0
DA:761,0
DA:763,0
DA:767,0
DA:772,0
DA:773,0
DA:774,0
DA:776,0
DA:778,0
DA:783,0
DA:784,0
DA:785,0
DA:788,0
DA:789,0
DA:794,0
DA:797,0
DA:798,0
DA:801,0
DA:802,0
DA:803,0
DA:804,0
DA:805,0
LF:289
LH:1
end_of_record
SF:lib/features/games/screens/games_screen.dart
DA:15,3
DA:17,0
DA:18,0
DA:24,0
DA:26,0
DA:27,0
DA:28,0
DA:30,0
DA:31,0
DA:32,0
DA:33,0
DA:34,0
DA:35,0
DA:36,0
DA:38,0
DA:41,0
DA:42,0
DA:43,0
DA:44,0
DA:45,0
DA:51,0
DA:53,0
DA:54,0
DA:55,0
DA:58,0
DA:59,0
DA:61,0
DA:64,0
DA:65,0
DA:67,0
DA:70,0
DA:71,0
DA:73,0
DA:76,0
DA:77,0
DA:83,0
DA:84,0
DA:85,0
DA:86,0
DA:87,0
DA:89,0
DA:91,0
DA:94,0
DA:95,0
DA:96,0
DA:99,0
DA:100,0
DA:101,0
DA:102,0
DA:104,0
DA:106,0
DA:107,0
DA:113,0
DA:117,0
DA:119,0
DA:120,0
DA:130,0
DA:132,0
DA:136,0
DA:137,0
DA:139,0
DA:140,0
DA:141,0
DA:143,0
DA:144,0
DA:145,0
DA:147,0
DA:148,0
DA:149,0
DA:150,0
DA:151,0
DA:156,0
DA:157,0
DA:158,0
DA:160,0
DA:162,0
DA:164,0
DA:171,3
DA:176,0
DA:178,0
DA:179,0
DA:180,0
DA:181,0
DA:182,0
DA:183,0
DA:184,0
DA:186,0
DA:188,0
DA:191,0
DA:193,0
DA:195,0
DA:196,0
DA:197,0
DA:198,0
DA:201,0
DA:202,0
DA:212,0
DA:213,0
DA:215,0
DA:216,0
DA:218,0
DA:241,0
DA:242,0
DA:243,0
DA:244,0
DA:251,0
DA:252,0
DA:259,0
DA:260,0
DA:275,0
DA:285,0
DA:287,0
DA:290,0
DA:293,0
DA:295,0
DA:297,0
DA:298,0
DA:299,0
DA:300,0
DA:303,0
DA:304,0
DA:320,0
DA:330,0
DA:332,0
DA:333,0
DA:334,0
DA:336,0
DA:338,0
DA:339,0
DA:340,0
DA:341,0
DA:344,0
DA:345,0
DA:348,0
DA:351,0
DA:352,0
DA:354,0
DA:355,0
DA:356,0
DA:363,0
DA:364,0
DA:373,0
DA:377,0
DA:380,0
DA:381,0
DA:383,0
DA:385,0
DA:387,0
DA:389,0
DA:390,0
DA:392,0
DA:394,0
DA:395,0
DA:405,0
DA:417,0
DA:419,0
DA:421,0
DA:422,0
DA:423,0
DA:424,0
DA:425,0
DA:426,0
DA:427,0
DA:428,0
DA:437,0
DA:441,0
DA:443,0
DA:444,0
DA:445,0
DA:446,0
DA:447,0
DA:451,0
DA:453,0
DA:454,0
DA:457,0
DA:458,0
DA:459,0
DA:470,3
DA:475,0
DA:477,0
DA:479,0
DA:482,0
DA:484,0
DA:486,0
DA:487,0
DA:489,0
DA:490,0
DA:505,0
DA:506,0
DA:507,0
DA:511,0
DA:512,0
DA:513,0
DA:514,0
DA:515,0
LF:195
LH:3
end_of_record
SF:lib/features/home/screens/global_search_screen.dart
DA:17,3
DA:19,0
DA:20,0
DA:28,0
DA:30,0
DA:31,0
DA:34,0
DA:36,0
DA:37,0
DA:38,0
DA:40,0
DA:41,0
DA:42,0
DA:44,0
DA:45,0
DA:48,0
DA:51,0
DA:52,0
DA:54,0
DA:55,0
DA:58,0
DA:60,0
DA:62,0
DA:63,0
DA:64,0
DA:71,0
DA:73,0
DA:74,0
DA:75,0
DA:77,0
DA:78,0
DA:80,0
DA:82,0
DA:83,0
DA:85,0
DA:87,0
DA:88,0
DA:94,0
DA:96,0
DA:97,0
DA:98,0
DA:99,0
DA:100,0
DA:101,0
DA:103,0
DA:104,0
DA:105,0
DA:106,0
DA:107,0
DA:108,0
DA:109,0
DA:127,0
DA:137,0
DA:139,0
DA:141,0
DA:147,0
DA:151,0
DA:153,0
DA:154,0
DA:156,0
DA:159,0
DA:160,0
DA:162,0
DA:164,0
DA:165,0
DA:166,0
DA:175,0
DA:180,0
DA:182,0
DA:183,0
DA:184,0
DA:185,0
DA:188,0
DA:203,0
DA:205,0
DA:209,0
DA:210,0
DA:212,0
DA:213,0
DA:214,0
DA:215,0
DA:216,0
DA:223,0
DA:225,0
DA:227,0
DA:229,0
DA:236,0
DA:248,0
DA:250,0
DA:251,0
DA:254,0
DA:255,0
DA:256,0
DA:259,0
DA:260,0
DA:263,0
DA:266,0
DA:267,0
DA:269,0
DA:270,0
DA:271,0
DA:277,0
DA:278,0
DA:298,3
DA:310,0
DA:312,0
DA:313,0
DA:314,0
DA:315,0
DA:316,0
DA:322,3
DA:324,0
DA:326,0
DA:329,0
DA:330,0
DA:333,0
DA:334,0
DA:336,0
DA:346,3
DA:350,0
DA:352,0
DA:354,0
DA:356,0
DA:363,0
DA:364,0
LF:125
LH:4
end_of_record
SF:lib/features/home/screens/home_feed_screen.dart
DA:25,3
DA:29,2
DA:30,2
DA:31,8
DA:34,2
DA:36,4
DA:37,4
DA:39,2
DA:41,2
DA:42,4
DA:43,2
DA:44,2
DA:45,2
DA:47,2
DA:51,4
DA:52,4
DA:53,6
DA:54,4
DA:55,4
DA:57,2
DA:58,2
DA:59,2
DA:60,0
DA:61,0
DA:62,0
DA:63,0
DA:64,0
DA:65,0
DA:66,0
DA:67,0
DA:68,0
DA:69,0
DA:70,0
DA:71,0
DA:74,2
DA:76,2
DA:79,2
DA:80,4
DA:81,4
DA:83,4
DA:85,4
DA:86,2
DA:87,0
DA:88,0
DA:89,0
DA:91,2
DA:92,2
DA:93,2
DA:95,2
DA:97,2
DA:98,2
DA:106,2
DA:110,2
DA:111,2
DA:112,4
DA:113,2
DA:115,2
DA:119,0
DA:122,2
DA:123,1
DA:128,0
DA:131,1
DA:132,1
DA:134,1
DA:135,1
DA:136,1
DA:137,1
DA:138,1
DA:139,0
DA:144,2
DA:150,0
DA:152,0
DA:155,0
DA:158,0
DA:163,0
DA:169,2
DA:173,2
DA:174,2
DA:175,2
DA:176,2
DA:178,2
DA:181,0
DA:184,2
DA:187,2
DA:188,0
DA:192,2
DA:197,0
DA:199,0
DA:202,0
DA:205,0
DA:209,2
DA:213,2
DA:214,1
DA:216,2
DA:217,2
DA:223,1
DA:225,1
DA:229,0
DA:232,1
DA:235,2
DA:236,1
DA:240,2
DA:244,2
DA:245,1
DA:246,1
DA:247,1
DA:248,1
DA:249,2
DA:250,1
DA:251,1
DA:253,1
DA:257,2
DA:260,1
DA:261,1
DA:263,1
DA:264,3
DA:265,1
DA:266,1
DA:267,1
DA:268,1
DA:269,1
DA:270,1
DA:271,1
DA:272,1
DA:273,1
DA:274,2
DA:275,1
DA:276,0
DA:281,2
DA:287,2
DA:289,1
DA:293,0
DA:296,1
DA:301,0
DA:309,2
DA:329,2
DA:331,2
DA:333,2
DA:336,2
DA:337,2
DA:338,2
DA:344,2
DA:346,2
DA:347,2
DA:348,2
DA:349,2
DA:350,2
DA:352,2
DA:353,2
DA:355,2
DA:361,2
DA:362,2
DA:365,2
DA:373,2
DA:375,2
DA:376,2
DA:377,4
DA:378,2
DA:393,2
DA:396,2
DA:397,6
DA:398,2
DA:400,4
DA:402,4
DA:403,0
DA:405,0
DA:410,2
DA:411,2
DA:412,2
DA:413,2
DA:417,2
DA:421,2
DA:422,2
DA:426,2
DA:430,2
DA:431,2
DA:435,2
DA:447,2
DA:459,2
DA:462,2
DA:463,2
DA:464,2
DA:465,2
DA:466,2
DA:467,2
DA:468,2
DA:470,2
DA:472,2
DA:473,4
DA:475,2
DA:476,2
DA:494,2
DA:499,2
DA:501,2
DA:503,2
DA:504,2
DA:506,4
DA:508,2
DA:510,2
DA:511,4
DA:513,2
DA:514,2
DA:528,3
DA:532,2
DA:534,2
DA:537,2
DA:540,2
DA:542,2
DA:543,2
DA:550,2
DA:551,2
DA:564,1
DA:578,1
DA:580,1
DA:582,1
DA:585,1
DA:587,1
DA:588,1
DA:589,1
DA:596,2
DA:599,1
DA:600,1
DA:602,1
DA:603,1
DA:604,1
DA:611,1
DA:612,1
DA:621,4
DA:629,2
DA:633,2
DA:635,6
DA:636,2
DA:638,2
DA:640,2
DA:641,0
DA:642,2
DA:643,2
DA:644,2
DA:646,2
DA:647,2
DA:648,2
DA:649,2
DA:650,2
DA:656,2
DA:657,2
DA:676,0
DA:680,0
DA:682,0
DA:683,0
DA:684,0
DA:685,0
DA:687,0
DA:693,1
DA:697,1
DA:699,1
DA:700,2
DA:701,2
DA:702,2
DA:703,2
DA:704,2
DA:705,0
DA:706,0
DA:711,2
DA:712,2
DA:713,2
DA:714,6
DA:715,4
DA:716,4
DA:717,4
DA:719,2
LF:270
LH:225
end_of_record
SF:lib/features/home/screens/home_matches_screen.dart
DA:18,4
DA:22,1
DA:23,1
DA:31,1
DA:32,2
DA:33,4
DA:36,1
DA:37,3
DA:39,1
DA:40,3
DA:41,1
DA:42,2
DA:43,1
DA:44,1
DA:45,1
DA:47,1
DA:53,1
DA:55,1
DA:56,4
DA:58,1
DA:59,1
DA:60,1
DA:61,0
DA:62,0
DA:63,0
DA:65,1
DA:67,1
DA:68,1
DA:71,0
DA:74,1
DA:76,1
DA:77,1
DA:78,4
DA:81,1
DA:82,2
DA:83,1
DA:84,1
DA:86,1
DA:87,0
DA:90,0
DA:100,1
DA:101,1
DA:102,5
DA:103,1
DA:104,0
DA:105,1
DA:106,5
DA:114,1
DA:118,1
DA:120,2
DA:121,4
DA:122,4
DA:124,1
DA:130,1
DA:131,1
DA:132,1
DA:133,1
DA:135,1
DA:136,1
DA:138,1
DA:144,1
DA:145,1
DA:146,1
DA:149,1
DA:150,1
DA:159,1
DA:162,1
DA:163,1
DA:165,2
DA:180,1
DA:185,1
DA:187,1
DA:189,1
DA:190,1
DA:191,1
DA:193,2
DA:194,0
DA:196,1
DA:198,2
DA:199,3
DA:201,1
DA:203,2
DA:204,0
DA:213,1
DA:223,1
DA:225,1
DA:227,4
DA:233,1
DA:238,1
DA:240,2
DA:241,0
DA:242,0
DA:243,0
DA:244,0
DA:246,0
DA:249,1
DA:250,1
DA:251,1
DA:252,1
DA:254,1
DA:255,1
DA:256,1
DA:257,1
DA:258,1
DA:259,1
DA:260,1
DA:261,1
DA:262,1
DA:263,1
DA:264,2
DA:265,1
DA:266,0
DA:275,3
DA:277,1
DA:287,0
DA:291,0
DA:293,0
DA:295,0
DA:298,0
DA:300,0
DA:301,0
DA:302,0
DA:316,0
DA:317,0
DA:318,0
LF:125
LH:99
end_of_record
SF:lib/features/home/screens/match_detail_screen.dart
DA:17,2
DA:21,2
DA:23,8
DA:25,2
DA:26,2
DA:27,2
DA:28,2
DA:30,0
DA:32,0
DA:38,0
DA:42,0
DA:49,2
DA:51,2
DA:57,2
DA:59,4
DA:63,2
DA:64,0
DA:66,0
DA:72,0
DA:75,0
DA:86,2
DA:90,2
DA:92,4
DA:93,2
DA:95,4
DA:96,2
DA:97,2
DA:98,2
DA:99,2
DA:100,2
DA:101,4
DA:102,2
DA:105,2
DA:106,4
DA:107,2
DA:112,2
DA:113,2
DA:114,12
DA:115,2
DA:117,2
DA:118,4
DA:119,2
DA:120,4
DA:121,4
DA:125,2
DA:126,2
DA:127,4
DA:128,4
DA:141,2
DA:147,2
DA:149,2
DA:150,2
DA:153,2
DA:154,6
DA:156,2
DA:157,2
DA:158,2
DA:171,3
DA:173,2
DA:188,2
DA:192,2
DA:194,8
DA:196,2
DA:197,1
DA:198,1
DA:199,1
DA:201,1
DA:203,1
DA:220,1
DA:222,1
DA:223,0
DA:233,0
DA:235,0
DA:236,0
DA:238,0
DA:244,0
DA:245,0
DA:247,0
DA:248,0
DA:250,0
DA:251,0
DA:252,0
DA:253,0
DA:255,0
DA:256,0
DA:257,0
DA:265,0
DA:266,0
DA:286,2
DA:287,1
LF:90
LH:64
end_of_record
SF:lib/features/onboarding/screens/onboarding_screen.dart
DA:38,3
DA:40,0
DA:41,0
DA:62,0
DA:64,0
DA:65,0
DA:66,0
DA:67,0
DA:68,0
DA:69,0
DA:73,0
DA:75,0
DA:76,0
DA:77,0
DA:79,0
DA:80,0
DA:82,0
DA:85,0
DA:86,0
DA:87,0
DA:90,0
DA:91,0
DA:94,0
DA:95,0
DA:96,0
DA:97,0
DA:100,0
DA:102,0
DA:105,0
DA:106,0
DA:108,0
DA:109,0
DA:110,0
DA:113,0
DA:114,0
DA:115,0
DA:117,0
DA:118,0
DA:120,0
DA:121,0
DA:122,0
DA:123,0
DA:126,0
DA:127,0
DA:129,0
DA:130,0
DA:133,0
DA:134,0
DA:136,0
DA:137,0
DA:138,0
DA:139,0
DA:141,0
DA:142,0
DA:145,0
DA:146,0
DA:147,0
DA:150,0
DA:151,0
DA:154,0
DA:155,0
DA:161,0
DA:162,0
DA:163,0
DA:164,0
DA:165,0
DA:169,0
DA:170,0
DA:172,0
DA:173,0
DA:174,0
DA:176,0
DA:177,0
DA:178,0
DA:182,0
DA:183,0
DA:184,0
DA:186,0
DA:187,0
DA:190,0
DA:191,0
DA:192,0
DA:194,0
DA:198,0
DA:199,0
DA:200,0
DA:204,0
DA:205,0
DA:206,0
DA:207,0
DA:208,0
DA:210,0
DA:211,0
DA:213,0
DA:215,0
DA:216,0
DA:217,0
DA:219,0
DA:221,0
DA:227,0
DA:228,0
DA:229,0
DA:232,0
DA:235,0
DA:236,0
DA:237,0
DA:238,0
DA:245,0
DA:246,0
DA:247,0
DA:248,0
DA:253,0
DA:254,0
DA:255,0
DA:259,0
DA:260,0
DA:263,0
DA:264,0
DA:266,0
DA:267,0
DA:270,0
DA:271,0
DA:272,0
DA:274,0
DA:275,0
DA:277,0
DA:278,0
DA:279,0
DA:282,0
DA:283,0
DA:288,0
DA:289,0
DA:290,0
DA:291,0
DA:296,0
DA:297,0
DA:298,0
DA:302,0
DA:303,0
DA:304,0
DA:305,0
DA:306,0
DA:308,0
DA:309,0
DA:310,0
DA:311,0
DA:312,0
DA:313,0
DA:315,0
DA:316,0
DA:317,0
DA:320,0
DA:321,0
DA:326,0
DA:327,0
DA:328,0
DA:329,0
DA:333,0
DA:334,0
DA:335,0
DA:336,0
DA:337,0
DA:338,0
DA:343,0
DA:344,0
DA:346,0
DA:347,0
DA:348,0
DA:351,0
DA:352,0
DA:357,0
DA:358,0
DA:359,0
DA:360,0
DA:361,0
DA:362,0
DA:364,0
DA:365,0
DA:366,0
DA:369,0
DA:370,0
DA:371,0
DA:372,0
DA:374,0
DA:376,0
DA:377,0
DA:379,0
DA:383,0
DA:384,0
DA:385,0
DA:387,0
DA:388,0
DA:389,0
DA:392,0
DA:394,0
DA:398,0
DA:400,0
DA:401,0
DA:402,0
DA:403,0
DA:404,0
DA:406,0
DA:407,0
DA:408,0
DA:409,0
DA:413,0
DA:414,0
DA:416,0
DA:417,0
DA:420,0
DA:425,0
DA:426,0
DA:427,0
DA:435,0
DA:436,0
DA:437,0
DA:441,0
DA:442,0
DA:447,0
DA:448,0
DA:456,0
DA:467,0
DA:472,0
DA:474,0
DA:475,0
DA:479,0
DA:482,0
DA:483,0
DA:487,0
DA:488,0
DA:489,0
DA:490,0
DA:491,0
DA:492,0
DA:493,0
DA:494,0
DA:495,0
DA:496,0
DA:499,0
DA:500,0
DA:504,0
DA:505,0
DA:506,0
DA:507,0
DA:508,0
DA:511,0
DA:512,0
DA:513,0
DA:514,0
DA:516,0
DA:517,0
DA:519,0
DA:520,0
DA:522,0
DA:523,0
DA:524,0
DA:526,0
DA:528,0
DA:530,0
DA:538,0
DA:539,0
DA:540,0
DA:549,0
DA:559,0
DA:561,0
DA:563,0
DA:566,0
DA:567,0
DA:568,0
DA:569,0
DA:571,0
DA:572,0
DA:573,0
LF:273
LH:1
end_of_record
SF:lib/features/ordering/screens/browse_venues_screen.dart
DA:20,3
DA:22,0
DA:23,0
DA:30,0
DA:32,0
DA:33,0
DA:36,0
DA:38,0
DA:39,0
DA:40,0
DA:42,0
DA:43,0
DA:44,0
DA:45,0
DA:46,0
DA:47,0
DA:48,0
DA:50,0
DA:52,0
DA:53,0
DA:55,0
DA:69,0
DA:71,0
DA:72,0
DA:73,0
DA:76,0
DA:78,0
DA:80,0
DA:81,0
DA:82,0
DA:89,0
DA:91,0
DA:92,0
DA:96,0
DA:97,0
DA:101,0
DA:102,0
DA:103,0
DA:104,0
DA:105,0
DA:113,0
DA:114,0
DA:115,0
DA:116,0
DA:121,0
DA:122,0
DA:123,0
DA:124,0
DA:126,0
DA:129,0
DA:130,0
DA:131,0
DA:132,0
DA:133,0
DA:134,0
DA:141,0
DA:145,0
DA:147,0
DA:148,0
DA:160,0
DA:172,0
DA:174,0
DA:175,0
DA:176,0
DA:179,0
DA:181,0
DA:182,0
DA:183,0
DA:184,0
DA:185,0
DA:189,0
DA:192,0
DA:193,0
DA:194,0
DA:195,0
DA:201,0
DA:203,0
DA:205,0
DA:206,0
DA:207,0
DA:208,0
DA:209,0
DA:210,0
DA:219,0
DA:226,0
DA:227,0
DA:234,0
DA:235,0
DA:236,0
DA:237,0
DA:238,0
DA:247,0
DA:249,0
DA:250,0
DA:252,0
DA:264,0
DA:265,0
DA:267,0
DA:268,0
DA:269,0
DA:272,0
DA:273,0
LF:102
LH:1
end_of_record
SF:lib/features/ordering/screens/checkout_screen.dart
DA:23,3
DA:25,0
DA:26,0
DA:38,0
DA:39,0
DA:40,0
DA:42,0
DA:43,0
DA:53,0
DA:54,0
DA:56,0
DA:57,0
DA:58,0
DA:59,0
DA:60,0
DA:61,0
DA:63,0
DA:64,0
DA:65,0
DA:73,0
DA:74,0
DA:75,0
DA:77,0
DA:79,0
DA:80,0
DA:82,0
DA:83,0
DA:84,0
DA:85,0
DA:86,0
DA:88,0
DA:89,0
DA:90,0
DA:102,0
DA:103,0
DA:105,0
DA:106,0
DA:107,0
DA:108,0
DA:109,0
DA:110,0
DA:112,0
DA:113,0
DA:114,0
DA:115,0
DA:116,0
DA:117,0
DA:120,0
DA:127,0
DA:128,0
DA:129,0
DA:141,0
DA:142,0
DA:144,0
DA:145,0
DA:146,0
DA:147,0
DA:148,0
DA:155,0
DA:156,0
DA:161,0
DA:162,0
DA:166,0
DA:167,0
DA:170,0
DA:171,0
DA:173,0
DA:181,0
DA:183,0
DA:184,0
DA:185,0
DA:186,0
DA:189,0
DA:191,0
DA:192,0
DA:193,0
DA:195,0
DA:199,0
DA:204,0
DA:205,0
DA:206,0
DA:207,0
DA:208,0
DA:209,0
DA:210,0
DA:211,0
DA:212,0
DA:216,0
DA:217,0
DA:218,0
DA:219,0
DA:224,0
DA:225,0
DA:226,0
DA:227,0
DA:229,0
DA:232,0
DA:236,0
DA:245,0
DA:246,0
DA:247,0
DA:249,0
DA:250,0
DA:261,0
DA:263,0
DA:264,0
DA:265,0
DA:266,0
DA:268,0
DA:270,0
DA:271,0
DA:272,0
DA:275,0
DA:276,0
DA:283,0
DA:284,0
DA:286,0
DA:288,0
DA:289,0
DA:290,0
DA:291,0
DA:295,0
DA:296,0
DA:298,0
DA:306,0
DA:307,0
DA:320,0
DA:322,0
DA:332,0
DA:334,0
DA:336,0
DA:337,0
DA:342,0
DA:344,0
DA:346,0
DA:347,0
DA:348,0
DA:349,0
DA:350,0
DA:351,0
DA:359,0
DA:361,0
DA:362,0
DA:375,0
DA:376,0
DA:384,0
DA:385,0
DA:387,0
DA:388,0
DA:389,0
DA:391,0
DA:392,0
DA:393,0
DA:395,0
DA:397,0
DA:399,0
DA:400,0
DA:401,0
DA:404,0
DA:406,0
DA:408,0
DA:409,0
DA:410,0
DA:417,0
DA:418,0
DA:420,0
DA:421,0
DA:425,0
DA:426,0
DA:429,0
DA:430,0
DA:432,0
DA:434,0
DA:443,0
DA:444,0
DA:445,0
DA:457,0
DA:458,0
DA:459,0
DA:460,0
DA:461,0
DA:467,1
DA:469,0
DA:472,1
DA:474,1
DA:475,2
DA:476,2
DA:477,2
DA:478,1
DA:479,2
DA:480,2
DA:481,1
DA:482,0
DA:487,1
DA:492,1
DA:496,1
DA:498,1
DA:501,1
DA:507,1
DA:509,3
DA:510,3
DA:514,1
DA:516,1
DA:517,1
DA:518,2
DA:519,1
DA:520,3
DA:521,1
DA:522,2
DA:523,1
DA:524,1
DA:525,2
DA:527,1
DA:528,0
DA:529,0
DA:534,1
DA:535,2
DA:538,0
DA:548,0
DA:550,0
DA:551,0
DA:552,0
DA:553,0
DA:554,0
DA:556,0
DA:559,0
DA:561,0
DA:562,0
DA:563,0
DA:564,0
DA:567,0
LF:231
LH:33
end_of_record
SF:lib/features/ordering/screens/location_access_screen.dart
DA:15,3
DA:17,0
DA:19,0
DA:23,0
DA:25,0
DA:26,0
DA:27,0
DA:31,0
DA:32,0
DA:33,0
DA:34,0
DA:35,0
DA:36,0
DA:37,0
DA:41,0
DA:43,0
DA:44,0
DA:46,0
DA:47,0
DA:48,0
DA:50,0
DA:51,0
DA:54,0
DA:57,0
DA:59,0
DA:70,0
DA:72,0
DA:74,0
DA:75,0
DA:78,0
DA:79,0
DA:81,0
DA:82,0
DA:102,0
DA:105,0
DA:118,0
DA:121,0
DA:122,0
DA:123,0
DA:130,0
DA:131,0
DA:139,0
DA:141,0
DA:143,0
DA:144,0
DA:145,0
DA:146,0
DA:153,0
DA:154,0
DA:158,0
DA:159,0
DA:160,0
DA:163,0
DA:167,0
DA:169,0
DA:170,0
DA:172,0
DA:173,0
DA:174,0
DA:175,0
DA:176,0
DA:190,0
DA:194,0
DA:196,0
DA:199,0
DA:200,0
DA:203,0
DA:204,0
DA:205,0
DA:220,3
DA:224,0
DA:226,0
DA:227,0
DA:228,0
DA:229,0
DA:232,0
DA:233,0
DA:234,0
LF:78
LH:2
end_of_record
SF:lib/features/ordering/screens/order_receipt_screen.dart
DA:16,0
DA:20,0
DA:22,0
DA:24,0
DA:25,0
DA:26,0
DA:27,0
DA:29,0
DA:32,0
DA:36,0
DA:38,0
DA:39,0
DA:41,0
DA:42,0
DA:51,0
DA:55,0
DA:57,0
DA:59,0
DA:60,0
DA:61,0
DA:63,0
DA:66,0
DA:69,0
DA:71,0
DA:72,0
DA:73,0
DA:74,0
DA:77,0
DA:78,0
DA:87,0
DA:88,0
DA:90,0
DA:91,0
DA:92,0
DA:93,0
DA:98,0
DA:99,0
DA:111,0
DA:113,0
DA:122,0
DA:125,0
DA:126,0
DA:127,0
DA:128,0
DA:130,0
DA:131,0
DA:132,0
DA:135,0
DA:136,0
DA:140,0
DA:141,0
DA:149,0
DA:150,0
DA:151,0
DA:155,0
DA:156,0
DA:162,0
DA:163,0
DA:165,0
DA:167,0
DA:168,0
DA:169,0
DA:170,0
DA:172,0
DA:182,0
DA:183,0
DA:184,0
DA:185,0
DA:190,0
DA:200,0
DA:202,0
DA:203,0
DA:204,0
DA:205,0
DA:206,0
DA:207,0
DA:208,0
DA:209,0
DA:213,0
DA:214,0
DA:215,0
DA:216,0
DA:218,0
LF:83
LH:0
end_of_record
SF:lib/features/ordering/screens/order_success_screen.dart
DA:15,0
DA:19,0
DA:21,0
DA:23,0
DA:24,0
DA:25,0
DA:27,0
DA:28,0
DA:31,0
DA:34,0
DA:35,0
DA:36,0
DA:37,0
DA:39,0
DA:40,0
DA:43,0
DA:44,0
DA:51,0
DA:53,0
DA:67,0
DA:73,0
DA:74,0
DA:75,0
DA:77,0
DA:80,0
DA:81,0
DA:83,0
DA:85,0
DA:88,0
DA:93,0
DA:95,0
DA:107,3
DA:112,0
DA:114,0
DA:116,0
DA:124,0
DA:125,0
DA:126,0
DA:127,0
DA:133,0
DA:135,0
DA:136,0
DA:139,0
DA:140,0
DA:142,0
DA:151,0
DA:153,0
DA:170,0
DA:171,0
DA:172,0
DA:173,0
DA:175,0
DA:177,0
DA:181,0
DA:182,0
DA:184,0
DA:196,0
DA:200,0
DA:202,0
DA:204,0
DA:205,0
DA:206,0
DA:207,0
DA:208,0
DA:211,0
DA:212,0
DA:218,0
DA:219,0
DA:221,0
DA:222,0
DA:223,0
DA:230,0
DA:231,0
DA:244,0
DA:246,0
DA:248,0
DA:251,0
DA:253,0
DA:255,0
DA:266,0
DA:270,0
DA:271,0
DA:277,0
DA:278,0
DA:280,0
DA:281,0
DA:282,0
DA:283,0
DA:284,0
DA:286,0
DA:287,0
DA:288,0
DA:291,0
DA:295,0
DA:297,0
DA:299,0
DA:301,0
DA:308,0
DA:310,0
DA:311,0
DA:312,0
DA:320,0
DA:332,0
DA:337,0
DA:339,0
DA:341,0
DA:342,0
DA:344,0
DA:346,0
DA:348,0
DA:349,0
DA:350,0
DA:358,0
DA:359,0
DA:375,0
DA:385,0
DA:387,0
DA:389,0
DA:390,0
DA:391,0
DA:397,0
DA:398,0
DA:399,0
DA:401,0
LF:124
LH:1
end_of_record
SF:lib/features/ordering/screens/order_tracking_screen.dart
DA:16,0
DA:20,1
DA:22,4
DA:24,1
DA:25,1
DA:26,1
DA:27,1
DA:29,0
DA:31,0
DA:34,0
DA:38,0
DA:44,1
DA:46,1
DA:47,0
DA:49,0
DA:52,0
DA:53,0
DA:54,0
DA:65,1
DA:69,1
DA:71,1
DA:73,1
DA:76,3
DA:78,2
DA:80,2
DA:82,1
DA:84,1
DA:86,1
DA:87,4
DA:89,2
DA:90,1
DA:91,2
DA:93,1
DA:94,1
DA:95,1
DA:98,1
DA:99,1
DA:100,1
DA:102,1
DA:103,1
DA:104,2
DA:105,1
DA:114,1
DA:115,1
DA:116,1
DA:117,1
DA:122,1
DA:123,1
DA:130,2
DA:131,0
DA:132,1
DA:133,1
DA:135,1
DA:137,1
DA:138,2
DA:139,1
DA:150,1
DA:151,0
DA:157,2
DA:164,3
DA:166,1
DA:181,1
DA:185,1
DA:188,4
DA:190,4
DA:191,2
DA:193,1
DA:194,1
DA:195,1
DA:196,2
DA:198,1
DA:199,1
DA:200,1
DA:205,2
DA:207,3
DA:208,1
DA:213,2
DA:215,3
DA:216,1
DA:220,2
DA:221,2
DA:223,3
DA:224,1
DA:228,2
DA:229,2
DA:231,3
DA:232,1
DA:236,2
DA:237,2
DA:239,1
DA:240,1
DA:248,0
DA:250,0
DA:251,0
DA:253,0
DA:267,1
DA:271,1
DA:272,1
DA:278,0
DA:279,0
DA:281,0
DA:282,0
DA:283,0
DA:284,0
DA:285,0
DA:287,0
DA:288,0
DA:289,0
DA:292,0
DA:296,1
DA:298,3
DA:300,1
DA:301,1
DA:302,0
DA:303,0
DA:304,0
DA:305,0
DA:306,0
DA:307,0
DA:309,3
DA:311,1
DA:313,1
DA:314,1
DA:315,1
DA:316,1
DA:317,1
DA:319,1
DA:320,1
DA:322,1
DA:323,1
DA:325,1
DA:328,1
DA:329,1
DA:330,1
DA:335,2
DA:338,0
DA:340,0
DA:342,0
DA:343,0
DA:344,0
DA:352,0
DA:358,2
DA:360,1
DA:362,1
DA:364,0
DA:366,0
DA:368,0
DA:378,1
DA:382,1
DA:383,1
DA:389,1
DA:390,3
DA:391,2
DA:393,3
DA:395,1
DA:396,2
DA:397,1
DA:398,3
DA:401,4
DA:403,1
DA:404,3
DA:408,0
DA:409,0
DA:410,0
DA:411,0
DA:413,4
DA:417,1
DA:419,5
DA:421,1
DA:423,1
DA:425,1
DA:426,1
DA:427,1
DA:430,1
DA:431,1
DA:433,1
DA:434,1
DA:436,1
DA:439,1
DA:443,1
DA:452,1
DA:454,1
DA:456,1
DA:457,2
DA:458,1
DA:466,1
DA:479,1
DA:495,1
DA:497,1
DA:499,1
DA:501,1
DA:503,1
DA:504,1
DA:505,1
DA:506,1
DA:509,1
DA:510,1
DA:512,2
DA:514,1
DA:515,2
DA:523,1
DA:524,1
DA:526,1
DA:527,1
DA:528,1
DA:529,1
DA:532,1
DA:535,2
DA:536,0
DA:537,0
DA:543,2
DA:553,4
DA:557,1
DA:559,1
DA:563,1
DA:566,1
LF:216
LH:168
end_of_record
SF:lib/features/ordering/screens/orders_screen.dart
DA:17,3
DA:19,0
DA:21,0
DA:23,0
DA:24,0
DA:25,0
DA:26,0
DA:27,0
DA:28,0
DA:30,0
DA:32,0
DA:33,0
DA:35,0
DA:41,0
DA:42,0
DA:43,0
DA:44,0
DA:49,0
DA:53,0
DA:54,0
DA:56,0
DA:58,0
DA:59,0
DA:62,0
DA:63,0
DA:65,0
DA:67,0
DA:69,0
DA:72,0
DA:73,0
DA:75,0
DA:81,0
DA:85,0
DA:87,0
DA:88,0
DA:100,0
DA:104,0
DA:106,0
DA:107,0
DA:108,0
DA:109,0
DA:110,0
DA:111,0
DA:112,0
DA:113,0
DA:114,0
DA:115,0
DA:116,0
DA:119,0
DA:120,0
DA:123,0
DA:125,0
DA:126,0
DA:127,0
DA:128,0
DA:131,0
DA:132,0
DA:135,0
DA:138,0
DA:139,0
DA:141,0
DA:142,0
DA:143,0
DA:150,0
DA:151,0
DA:161,0
DA:162,0
DA:171,0
DA:172,0
DA:173,0
DA:174,0
DA:176,0
DA:181,0
DA:182,0
DA:184,0
LF:75
LH:1
end_of_record
SF:lib/features/ordering/screens/venue_detail_screen.dart
DA:18,0
DA:22,0
DA:24,0
DA:26,0
DA:27,0
DA:28,0
DA:29,0
DA:31,0
DA:36,0
DA:39,0
DA:41,0
DA:42,0
DA:44,0
DA:45,0
DA:54,0
DA:58,0
DA:60,0
DA:62,0
DA:63,0
DA:65,0
DA:66,0
DA:69,0
DA:70,0
DA:71,0
DA:72,0
DA:76,0
DA:79,0
DA:80,0
DA:81,0
DA:82,0
DA:89,0
DA:90,0
DA:91,0
DA:94,0
DA:95,0
DA:103,0
DA:105,0
DA:106,0
DA:107,0
DA:108,0
DA:112,0
DA:115,0
DA:116,0
DA:117,0
DA:120,0
DA:121,0
DA:122,0
DA:125,0
DA:128,0
DA:134,0
DA:135,0
DA:136,0
DA:138,0
DA:139,0
DA:140,0
DA:144,0
DA:147,0
DA:148,0
DA:149,0
DA:151,0
DA:152,0
DA:153,0
DA:157,0
DA:167,0
DA:177,0
DA:179,0
DA:180,0
DA:181,0
DA:184,0
DA:185,0
DA:188,0
DA:191,0
DA:192,0
DA:194,0
DA:195,0
DA:196,0
DA:204,0
LF:77
LH:0
end_of_record
SF:lib/features/ordering/screens/venue_menu_screen.dart
DA:20,3
DA:24,1
DA:26,2
DA:27,2
DA:29,1
DA:30,0
DA:34,1
DA:35,1
DA:36,1
DA:37,0
DA:40,1
DA:47,3
DA:49,1
DA:51,1
DA:53,1
DA:54,1
DA:59,0
DA:67,0
DA:71,0
DA:73,0
DA:75,0
DA:77,0
DA:78,0
DA:79,0
DA:80,0
DA:82,0
DA:83,0
DA:84,0
DA:86,0
DA:87,0
DA:88,0
DA:89,0
DA:90,0
DA:91,0
DA:93,0
DA:99,0
DA:101,0
DA:102,0
DA:103,0
DA:104,0
DA:111,0
DA:115,0
DA:116,0
DA:117,0
DA:118,0
DA:120,0
DA:128,0
DA:130,0
DA:131,0
DA:132,0
DA:133,0
DA:134,0
DA:135,0
DA:139,0
DA:142,0
DA:144,0
DA:146,0
DA:147,0
DA:158,0
DA:162,0
DA:164,0
DA:165,0
DA:166,0
DA:169,0
DA:171,0
DA:173,0
DA:174,0
DA:175,0
DA:176,0
DA:179,0
DA:180,0
DA:186,0
DA:187,0
DA:189,0
DA:190,0
DA:191,0
DA:197,0
DA:199,0
DA:211,0
DA:212,0
DA:213,0
DA:215,0
DA:220,0
DA:221,0
DA:222,0
DA:224,0
DA:226,0
DA:231,0
DA:244,0
DA:249,0
DA:251,0
DA:252,0
DA:254,0
DA:255,0
DA:256,0
DA:258,0
DA:260,0
DA:261,0
DA:262,0
DA:270,0
DA:271,0
DA:284,3
DA:294,0
DA:296,0
DA:297,0
DA:298,0
DA:300,0
DA:301,0
DA:304,0
DA:305,0
DA:306,0
DA:317,0
DA:322,0
DA:324,0
DA:325,0
DA:327,0
DA:329,0
DA:330,0
DA:332,0
DA:333,0
DA:334,0
DA:336,0
DA:339,0
DA:340,0
DA:342,0
DA:351,0
DA:355,0
DA:357,0
DA:358,0
DA:359,0
DA:360,0
DA:361,0
DA:364,0
DA:366,0
DA:367,0
DA:368,0
DA:372,0
DA:374,0
DA:376,0
DA:377,0
DA:378,0
DA:380,0
DA:381,0
DA:382,0
DA:388,0
DA:389,0
DA:390,0
DA:393,0
DA:400,0
DA:401,0
DA:405,0
DA:406,0
DA:407,0
DA:419,0
DA:430,0
DA:435,0
DA:437,0
DA:438,0
DA:440,0
DA:441,0
DA:442,0
DA:445,0
DA:457,0
DA:458,0
DA:461,0
DA:463,0
DA:465,0
DA:466,0
DA:468,0
DA:469,0
DA:476,0
DA:478,0
DA:479,0
DA:483,0
DA:485,0
DA:499,0
DA:503,0
DA:505,0
DA:507,0
DA:508,0
DA:510,0
DA:512,0
DA:513,0
DA:514,0
DA:515,0
DA:521,0
DA:523,0
DA:530,0
DA:532,0
DA:535,0
DA:546,0
DA:547,0
DA:550,0
DA:551,0
DA:560,0
DA:561,0
DA:575,0
DA:576,0
DA:577,0
LF:199
LH:15
end_of_record
SF:lib/features/ordering/widgets/venue_entry_wrapper.dart
DA:10,0
DA:11,0
DA:16,0
DA:17,0
DA:24,0
DA:26,0
DA:27,0
DA:30,0
DA:32,0
DA:33,0
DA:34,0
DA:35,0
DA:37,0
DA:40,0
DA:42,0
DA:43,0
DA:48,0
DA:50,0
DA:56,0
DA:57,0
DA:58,0
DA:59,0
DA:61,0
DA:62,0
DA:64,0
DA:67,0
DA:69,0
DA:70,0
DA:71,0
DA:72,0
DA:73,0
DA:75,0
DA:84,0
LF:33
LH:0
end_of_record
SF:lib/features/pools/screens/create_pool_screen.dart
DA:22,3
DA:24,0
DA:25,0
DA:40,0
DA:41,0
DA:42,0
DA:45,0
DA:47,0
DA:48,0
DA:49,0
DA:50,0
DA:55,0
DA:57,0
DA:58,0
DA:59,0
DA:60,0
DA:61,0
DA:64,0
DA:65,0
DA:67,0
DA:68,0
DA:76,0
DA:77,0
DA:78,0
DA:79,0
DA:80,0
DA:81,0
DA:82,0
DA:85,0
DA:88,0
DA:89,0
DA:92,0
DA:93,0
DA:97,0
DA:98,0
DA:99,0
DA:103,0
DA:104,0
DA:105,0
DA:106,0
DA:107,0
DA:112,0
DA:115,0
DA:116,0
DA:117,0
DA:118,0
DA:119,0
DA:120,0
DA:123,0
DA:124,0
DA:125,0
DA:126,0
DA:131,0
DA:133,0
DA:135,0
DA:136,0
DA:138,0
DA:139,0
DA:140,0
DA:141,0
DA:142,0
DA:143,0
DA:147,0
DA:152,0
DA:153,0
DA:155,0
DA:156,0
DA:157,0
DA:159,0
DA:161,0
DA:162,0
DA:165,0
DA:166,0
DA:167,0
DA:169,0
DA:170,0
DA:171,0
DA:172,0
DA:173,0
DA:175,0
DA:176,0
DA:177,0
DA:178,0
DA:180,0
DA:181,0
DA:183,0
DA:184,0
DA:186,0
DA:187,0
DA:190,0
DA:192,0
DA:195,0
DA:198,0
DA:199,0
DA:201,0
DA:206,0
DA:207,0
DA:208,0
DA:209,0
DA:211,0
DA:212,0
DA:214,0
DA:215,0
DA:216,0
DA:217,0
DA:218,0
DA:220,0
DA:221,0
DA:222,0
DA:225,0
DA:226,0
DA:229,0
DA:230,0
DA:233,0
DA:234,0
DA:235,0
DA:238,0
DA:239,0
DA:240,0
DA:247,0
DA:248,0
DA:251,0
DA:258,0
DA:259,0
DA:260,0
DA:262,0
DA:263,0
DA:264,0
DA:265,0
DA:266,0
DA:268,0
DA:271,0
DA:272,0
DA:273,0
DA:274,0
DA:275,0
DA:281,0
DA:285,0
DA:287,0
DA:289,0
DA:290,0
DA:291,0
DA:292,0
DA:293,0
DA:295,0
DA:296,0
DA:297,0
DA:311,0
DA:327,0
DA:329,0
DA:331,0
DA:332,0
DA:334,0
DA:345,0
DA:346,0
DA:347,0
DA:348,0
DA:351,0
DA:353,0
DA:355,0
DA:356,0
DA:357,0
DA:364,0
DA:365,0
DA:367,0
DA:369,0
DA:370,0
DA:379,0
DA:389,0
DA:391,0
DA:392,0
DA:395,0
DA:396,0
DA:397,0
DA:398,0
DA:399,0
DA:400,0
DA:401,0
DA:407,0
DA:408,0
DA:409,0
DA:410,0
DA:411,0
DA:421,0
DA:422,0
DA:429,0
DA:430,0
DA:440,0
DA:441,0
DA:442,0
DA:454,0
DA:464,0
DA:466,0
DA:468,0
DA:469,0
DA:471,0
DA:482,0
DA:485,0
DA:486,0
DA:489,0
DA:490,0
DA:491,0
DA:492,0
DA:497,0
DA:498,0
DA:505,0
DA:506,0
DA:507,0
DA:508,0
DA:510,0
DA:514,0
DA:515,0
DA:525,0
DA:530,0
DA:532,0
DA:533,0
DA:535,0
DA:536,0
DA:542,0
DA:556,0
DA:558,0
DA:560,0
DA:561,0
DA:563,0
DA:574,0
DA:575,0
DA:584,0
DA:587,0
DA:589,0
DA:590,0
DA:591,0
DA:593,0
DA:594,0
DA:597,0
DA:598,0
DA:608,0
DA:611,0
DA:612,0
DA:613,0
DA:615,0
DA:618,0
DA:620,0
DA:631,0
DA:636,0
DA:638,0
DA:639,0
DA:640,0
DA:641,0
DA:642,0
DA:649,0
DA:656,3
DA:658,0
DA:660,0
DA:661,0
DA:663,0
DA:666,0
DA:667,0
DA:669,0
DA:678,0
DA:680,0
DA:697,0
DA:711,0
DA:713,0
DA:714,0
DA:715,0
DA:716,0
DA:720,0
DA:722,0
DA:724,0
DA:725,0
DA:728,0
DA:729,0
DA:730,0
DA:731,0
DA:732,0
DA:737,0
DA:739,0
DA:740,0
DA:741,0
DA:752,0
DA:756,0
DA:758,0
DA:762,0
DA:763,0
DA:764,0
DA:767,0
DA:768,0
DA:769,0
LF:288
LH:2
end_of_record
SF:lib/features/pools/screens/join_pool_screen.dart
DA:21,0
DA:34,0
DA:35,0
DA:44,0
DA:46,0
DA:47,0
DA:50,0
DA:52,0
DA:53,0
DA:56,0
DA:57,0
DA:59,0
DA:60,0
DA:61,0
DA:62,0
DA:63,0
DA:64,0
DA:66,0
DA:67,0
DA:68,0
DA:76,0
DA:78,0
DA:79,0
DA:80,0
DA:83,0
DA:84,0
DA:87,0
DA:88,0
DA:89,0
DA:90,0
DA:93,0
DA:94,0
DA:100,0
DA:101,0
DA:102,0
DA:106,0
DA:107,0
DA:108,0
DA:109,0
DA:112,0
DA:113,0
DA:115,0
DA:117,0
DA:118,0
DA:119,0
DA:120,0
DA:121,0
DA:122,0
DA:123,0
DA:126,0
DA:127,0
DA:128,0
DA:129,0
DA:135,0
DA:137,0
DA:138,0
DA:140,0
DA:141,0
DA:142,0
DA:143,0
DA:145,0
DA:147,0
DA:150,0
DA:153,0
DA:160,0
DA:161,0
DA:164,0
DA:165,0
DA:167,0
DA:170,0
DA:176,0
DA:177,0
DA:179,0
DA:180,0
DA:182,0
DA:183,0
DA:187,0
DA:188,0
DA:189,0
DA:190,0
DA:192,0
DA:194,0
DA:195,0
DA:198,0
DA:201,0
DA:203,0
DA:205,0
DA:206,0
DA:208,0
DA:210,0
DA:211,0
DA:218,0
DA:219,0
DA:225,0
DA:226,0
DA:229,0
DA:233,0
DA:234,0
DA:237,0
DA:245,0
DA:247,0
DA:248,0
DA:256,0
DA:261,0
DA:263,0
DA:265,0
DA:273,0
DA:275,0
DA:277,0
DA:288,0
DA:289,0
DA:290,0
DA:297,0
DA:298,0
DA:299,0
DA:309,3
DA:311,0
DA:326,0
DA:337,0
DA:339,0
DA:340,0
DA:343,0
DA:344,0
DA:345,0
DA:346,0
DA:347,0
DA:350,0
DA:351,0
DA:352,0
DA:355,0
DA:356,0
DA:359,0
DA:360,0
DA:361,0
DA:365,0
DA:366,0
DA:368,0
DA:369,0
DA:370,0
DA:377,0
DA:378,0
DA:388,0
DA:390,0
DA:393,0
DA:395,0
DA:396,0
DA:407,0
DA:412,0
DA:414,0
DA:415,0
DA:417,0
DA:418,0
DA:420,0
DA:422,0
DA:424,0
DA:425,0
DA:426,0
DA:434,0
DA:435,0
DA:451,3
DA:455,0
DA:457,0
DA:458,0
DA:465,0
DA:469,0
DA:471,0
DA:473,0
DA:474,0
DA:476,0
DA:478,0
DA:479,0
DA:482,0
DA:483,0
DA:484,0
LF:174
LH:2
end_of_record
SF:lib/features/pools/screens/pool_detail_screen.dart
DA:19,0
DA:23,0
DA:28,0
DA:29,0
DA:30,0
DA:31,0
DA:37,0
DA:43,0
DA:44,0
DA:45,0
DA:53,0
DA:54,0
DA:56,0
DA:60,0
DA:62,0
DA:63,0
DA:64,0
DA:65,0
DA:66,0
DA:70,0
DA:73,0
DA:74,0
DA:79,0
DA:84,0
DA:87,0
DA:88,0
DA:89,0
DA:94,0
DA:96,0
DA:97,0
DA:99,0
DA:100,0
DA:101,0
DA:102,0
DA:104,0
DA:106,0
DA:109,0
DA:112,0
DA:119,0
DA:120,0
DA:121,0
DA:122,0
DA:123,0
DA:125,0
DA:127,0
DA:130,0
DA:132,0
DA:133,0
DA:134,0
DA:136,0
DA:137,0
DA:139,0
DA:142,0
DA:143,0
DA:148,0
DA:149,0
DA:154,0
DA:155,0
DA:157,0
DA:159,0
DA:161,0
DA:162,0
DA:163,0
DA:164,0
DA:165,0
DA:166,0
DA:167,0
DA:174,0
DA:175,0
DA:176,0
DA:187,0
DA:188,0
DA:191,0
DA:199,0
DA:200,0
DA:201,0
DA:204,0
DA:205,0
DA:208,0
DA:209,0
DA:210,0
DA:212,0
DA:213,0
DA:217,0
DA:221,0
DA:223,0
DA:225,0
DA:232,0
DA:234,0
DA:236,0
DA:237,0
DA:239,0
DA:240,0
DA:241,0
DA:248,0
DA:249,0
DA:256,0
DA:257,0
DA:258,0
DA:260,0
DA:262,0
DA:265,0
DA:267,0
DA:278,0
DA:283,0
DA:285,0
DA:287,0
DA:288,0
DA:289,0
DA:292,0
DA:293,0
DA:296,0
DA:297,0
DA:298,0
DA:301,0
DA:302,0
DA:303,0
DA:306,0
DA:307,0
DA:308,0
DA:312,0
DA:313,0
DA:315,0
DA:316,0
DA:317,0
DA:324,0
DA:325,0
DA:327,0
DA:343,3
DA:345,0
DA:366,0
DA:376,0
DA:378,0
DA:381,0
DA:382,0
DA:383,0
DA:384,0
DA:385,0
DA:388,0
DA:389,0
DA:395,0
DA:396,0
DA:398,0
DA:404,0
DA:405,0
DA:418,0
DA:420,0
DA:430,3
DA:432,0
DA:447,0
DA:451,0
DA:453,0
DA:455,0
DA:458,0
DA:459,0
DA:461,0
DA:462,0
DA:464,0
DA:473,0
DA:478,0
DA:480,0
DA:482,0
DA:486,0
DA:487,0
DA:488,0
DA:491,0
DA:492,0
DA:497,0
DA:504,0
DA:505,0
DA:507,0
DA:508,0
DA:509,0
DA:516,0
DA:517,0
DA:527,0
DA:531,0
DA:532,0
DA:542,0
DA:546,0
DA:548,0
DA:550,0
DA:551,0
DA:554,0
DA:557,0
DA:559,0
DA:562,0
DA:563,0
DA:565,0
DA:566,0
DA:567,0
DA:573,0
DA:574,0
DA:576,0
DA:592,0
DA:596,0
DA:598,0
DA:600,0
DA:601,0
DA:602,0
DA:605,0
DA:608,0
DA:609,0
DA:610,0
DA:611,0
DA:612,0
DA:615,0
DA:616,0
DA:617,0
DA:618,0
DA:619,0
DA:630,0
DA:635,0
DA:637,0
DA:638,0
DA:640,0
DA:641,0
DA:644,0
DA:646,0
DA:647,0
DA:648,0
DA:656,0
DA:657,0
DA:673,3
DA:677,0
DA:679,0
DA:680,0
DA:687,0
DA:691,0
DA:693,0
DA:695,0
DA:699,0
DA:701,0
DA:702,0
DA:705,0
DA:706,0
DA:707,0
LF:237
LH:3
end_of_record
SF:lib/features/pools/screens/pool_share_entry_screen.dart
DA:10,0
DA:21,0
DA:23,0
DA:29,0
DA:30,0
DA:31,0
DA:33,0
DA:34,0
DA:35,0
DA:36,0
DA:39,0
DA:40,0
DA:41,0
DA:42,0
DA:43,0
DA:44,0
DA:46,0
DA:47,0
DA:48,0
DA:49,0
DA:50,0
DA:52,0
DA:53,0
DA:58,0
DA:60,0
DA:61,0
DA:62,0
DA:63,0
DA:64,0
DA:65,0
DA:70,0
DA:71,0
DA:72,0
DA:74,0
DA:77,0
DA:82,0
DA:85,0
DA:86,0
DA:89,0
DA:90,0
DA:91,0
DA:92,0
DA:93,0
DA:94,0
LF:44
LH:0
end_of_record
SF:lib/features/pools/screens/pools_screen.dart
DA:22,3
DA:24,3
DA:25,3
DA:31,1
DA:32,3
DA:34,1
DA:35,1
DA:45,0
DA:46,0
DA:47,0
DA:51,3
DA:53,9
DA:54,3
DA:55,9
DA:56,3
DA:58,6
DA:59,3
DA:61,3
DA:62,3
DA:65,0
DA:70,3
DA:71,3
DA:72,0
DA:73,0
DA:74,0
DA:76,3
DA:78,3
DA:79,3
DA:81,3
DA:82,9
DA:84,3
DA:86,3
DA:87,3
DA:88,6
DA:90,3
DA:91,12
DA:93,0
DA:94,0
DA:97,3
DA:99,0
DA:100,0
DA:103,3
DA:106,0
DA:109,3
DA:111,3
DA:112,3
DA:113,3
DA:116,6
DA:117,3
DA:119,3
DA:122,6
DA:123,3
DA:125,3
DA:128,6
DA:129,3
DA:131,3
DA:134,6
DA:135,3
DA:141,3
DA:142,3
DA:143,3
DA:144,3
DA:145,0
DA:146,0
DA:147,0
DA:149,0
DA:152,0
DA:153,0
DA:154,0
DA:157,3
DA:158,3
DA:159,3
DA:160,3
DA:162,3
DA:164,0
DA:165,2
DA:171,3
DA:175,0
DA:178,0
DA:188,0
DA:190,3
DA:191,3
DA:192,3
DA:194,12
DA:195,3
DA:196,0
DA:198,0
DA:199,0
DA:200,0
DA:201,0
DA:202,0
DA:203,0
DA:204,0
DA:205,0
DA:209,0
DA:210,0
DA:211,0
DA:213,0
DA:220,0
DA:221,0
DA:222,0
DA:224,0
DA:235,3
DA:251,3
DA:253,3
DA:255,3
DA:258,3
DA:259,3
DA:260,3
DA:261,3
DA:267,3
DA:269,3
DA:270,3
DA:271,3
DA:272,3
DA:275,3
DA:276,3
DA:286,3
DA:287,3
DA:289,3
DA:290,3
DA:292,3
DA:315,3
DA:316,3
DA:317,3
DA:318,3
DA:320,3
DA:325,3
DA:326,3
DA:328,3
DA:333,3
DA:334,3
DA:336,3
DA:343,3
DA:344,3
DA:345,3
DA:346,3
DA:347,3
DA:353,3
DA:354,3
DA:355,3
DA:369,3
DA:379,3
DA:381,3
DA:382,3
DA:383,3
DA:384,3
DA:385,3
DA:393,12
DA:400,3
DA:410,3
DA:412,6
DA:413,3
DA:414,3
DA:415,3
DA:417,3
DA:418,3
DA:421,3
DA:424,3
DA:425,2
DA:430,2
DA:433,1
DA:434,1
DA:436,1
DA:438,0
DA:444,6
DA:446,3
DA:447,3
DA:450,3
DA:456,0
DA:458,0
DA:459,0
DA:462,0
DA:465,0
DA:470,0
DA:477,3
DA:480,3
DA:481,4
DA:482,1
DA:483,1
DA:484,3
DA:485,1
DA:486,0
DA:489,3
DA:490,3
DA:492,3
DA:493,3
DA:496,1
DA:497,1
DA:498,1
DA:499,1
DA:505,1
DA:510,1
DA:512,2
DA:513,1
DA:514,1
DA:515,1
DA:519,1
DA:520,4
DA:521,1
DA:524,1
DA:525,1
DA:526,1
DA:529,1
DA:530,1
DA:533,3
DA:536,1
DA:537,1
DA:539,1
DA:540,1
DA:541,2
DA:550,1
DA:551,2
DA:564,1
DA:566,1
DA:567,1
DA:568,3
DA:569,1
DA:576,1
DA:577,3
DA:591,1
DA:592,2
DA:593,2
DA:599,3
DA:603,3
DA:605,3
DA:608,3
DA:611,3
DA:613,3
DA:615,3
DA:622,3
DA:623,3
DA:636,3
DA:646,3
DA:648,3
DA:650,3
DA:653,3
DA:655,3
DA:657,3
DA:658,3
DA:659,6
DA:660,6
DA:663,3
DA:664,3
DA:680,3
DA:692,3
DA:694,3
DA:696,3
DA:697,3
DA:698,3
DA:699,0
DA:706,3
DA:716,3
DA:718,18
DA:719,18
DA:721,3
DA:722,3
DA:725,3
DA:727,3
DA:728,3
DA:729,3
DA:730,3
DA:731,9
DA:732,6
DA:733,6
DA:739,3
DA:740,3
DA:741,6
DA:742,3
DA:743,3
DA:744,3
DA:745,3
DA:746,6
DA:750,3
DA:756,3
DA:757,6
DA:769,5
DA:773,3
DA:774,3
DA:775,3
DA:776,3
DA:778,9
DA:783,3
DA:784,3
DA:786,9
DA:791,3
DA:792,3
DA:794,9
DA:800,12
DA:802,3
DA:805,3
DA:806,9
DA:807,3
DA:808,3
DA:810,6
DA:815,3
DA:816,3
DA:818,3
DA:819,12
DA:820,9
DA:832,3
DA:836,3
DA:838,3
DA:839,6
DA:840,9
DA:841,3
DA:842,9
DA:843,3
DA:844,3
DA:846,3
DA:849,3
DA:852,3
DA:855,3
DA:856,3
LF:314
LH:265
end_of_record
SF:lib/features/profile/screens/notifications_screen.dart
DA:16,3
DA:18,1
DA:20,1
DA:26,1
DA:28,5
DA:29,3
DA:30,3
DA:33,1
DA:34,1
DA:35,1
DA:36,1
DA:37,1
DA:39,1
DA:42,0
DA:45,1
DA:46,1
DA:47,1
DA:48,1
DA:49,0
DA:50,0
DA:52,0
DA:53,0
DA:56,0
DA:59,0
DA:61,0
DA:72,1
DA:74,1
DA:75,1
DA:77,4
DA:78,1
DA:80,3
DA:81,1
DA:85,1
DA:86,1
DA:87,1
DA:88,1
DA:92,1
DA:93,1
DA:94,2
DA:95,0
DA:96,0
DA:98,0
DA:99,0
DA:100,0
DA:102,0
DA:103,0
DA:110,0
DA:111,0
DA:117,1
DA:118,0
DA:119,0
DA:121,0
DA:132,1
DA:134,1
DA:135,1
DA:136,1
DA:138,1
DA:140,1
DA:141,0
DA:143,0
DA:144,0
DA:145,0
DA:147,0
DA:149,0
DA:151,0
DA:158,1
DA:160,1
DA:161,1
DA:162,1
DA:164,1
DA:165,0
DA:167,0
DA:169,0
DA:171,0
DA:172,0
DA:173,0
DA:175,0
DA:177,0
DA:184,0
DA:185,0
DA:187,0
DA:191,0
DA:192,0
DA:193,0
DA:194,0
DA:195,0
DA:198,0
DA:201,0
DA:202,0
DA:203,0
DA:204,0
DA:205,0
DA:211,0
DA:214,0
DA:215,0
DA:216,0
DA:217,0
DA:218,0
DA:219,0
DA:221,0
DA:222,0
DA:223,0
DA:230,0
DA:232,0
DA:233,0
DA:236,1
DA:237,2
DA:238,4
DA:239,0
DA:240,0
DA:246,1
DA:250,1
DA:252,1
DA:255,1
DA:256,1
DA:257,1
DA:258,1
DA:259,1
DA:262,1
DA:263,1
DA:264,1
DA:269,1
DA:270,1
DA:272,1
DA:273,1
DA:274,2
DA:299,1
DA:304,1
DA:306,1
DA:308,1
DA:310,0
DA:312,0
DA:314,0
DA:315,0
DA:317,0
DA:320,1
DA:321,1
DA:324,1
DA:326,1
DA:327,1
DA:337,1
DA:355,1
DA:357,2
DA:358,1
DA:360,1
DA:361,1
DA:362,1
DA:364,1
DA:366,1
DA:367,0
DA:368,1
DA:369,1
DA:371,1
DA:372,0
DA:375,1
DA:377,1
DA:378,1
DA:381,1
DA:382,5
DA:384,1
DA:385,5
DA:388,1
DA:389,4
DA:391,4
DA:395,1
DA:396,1
DA:398,1
DA:399,1
DA:400,1
DA:401,1
DA:402,1
DA:403,3
DA:406,1
DA:409,1
DA:416,1
DA:417,1
DA:418,1
DA:421,1
DA:426,4
DA:428,1
DA:429,3
DA:432,2
DA:439,1
DA:456,1
DA:457,6
DA:458,2
LF:186
LH:115
end_of_record
SF:lib/features/profile/screens/profile_screen.dart
DA:24,3
DA:26,2
DA:28,4
DA:29,4
DA:30,2
DA:31,4
DA:33,6
DA:34,4
DA:35,4
DA:36,2
DA:37,4
DA:38,4
DA:39,2
DA:45,2
DA:49,2
DA:50,2
DA:52,2
DA:53,2
DA:54,2
DA:56,2
DA:58,2
DA:60,2
DA:62,2
DA:63,0
DA:67,2
DA:72,0
DA:82,2
DA:84,2
DA:86,2
DA:88,0
DA:90,0
DA:98,0
DA:106,2
DA:111,2
DA:114,6
DA:115,2
DA:120,2
DA:124,0
DA:125,0
DA:126,0
DA:127,0
DA:128,0
DA:129,0
DA:131,0
DA:132,0
DA:133,0
DA:134,0
DA:145,2
DA:150,2
DA:154,0
DA:155,0
DA:156,0
DA:157,0
DA:158,0
DA:162,0
DA:163,0
DA:165,0
DA:166,0
DA:168,0
DA:172,2
DA:173,2
DA:177,0
DA:180,0
DA:186,0
DA:190,0
DA:191,0
DA:197,0
DA:198,0
DA:204,2
DA:213,2
DA:215,2
DA:218,2
DA:220,2
DA:243,2
DA:246,2
DA:247,2
DA:250,4
DA:251,0
DA:253,2
DA:256,4
DA:257,0
LF:81
LH:47
end_of_record
SF:lib/features/settings/screens/feature_unavailable_screen.dart
DA:13,0
DA:22,1
DA:24,1
DA:25,2
DA:30,2
DA:31,2
DA:33,1
DA:35,1
DA:36,1
DA:38,1
DA:40,1
DA:44,1
DA:46,1
DA:47,1
DA:50,1
DA:52,1
DA:53,1
DA:62,1
DA:63,1
DA:64,1
DA:72,1
DA:73,1
DA:75,3
DA:82,1
DA:83,1
DA:84,1
DA:85,1
DA:86,0
DA:87,0
DA:88,0
DA:90,0
DA:98,1
DA:99,1
DA:100,0
DA:117,1
DA:118,2
DA:119,2
DA:122,1
DA:123,2
DA:124,2
DA:125,3
DA:126,1
DA:127,3
DA:128,0
DA:129,5
DA:131,1
DA:132,1
DA:133,1
LF:48
LH:41
end_of_record
SF:lib/features/settings/screens/privacy_settings_screen.dart
DA:15,3
DA:17,1
DA:19,1
DA:28,1
DA:30,1
DA:31,1
DA:34,1
DA:35,3
DA:36,1
DA:37,2
DA:38,1
DA:39,1
DA:45,0
DA:46,0
DA:47,0
DA:48,0
DA:49,0
DA:50,0
DA:53,0
DA:54,0
DA:55,0
DA:56,0
DA:61,0
DA:62,0
DA:64,0
DA:65,0
DA:67,0
DA:71,0
DA:72,0
DA:73,0
DA:74,0
DA:78,0
DA:80,0
DA:81,0
DA:82,0
DA:83,0
DA:86,0
DA:90,1
DA:92,3
DA:95,3
DA:96,1
DA:97,2
DA:98,1
DA:100,1
DA:102,1
DA:103,1
DA:104,1
DA:105,1
DA:106,0
DA:110,1
DA:111,1
DA:113,1
DA:115,1
DA:117,1
DA:119,1
DA:120,2
DA:121,0
DA:124,0
DA:125,0
DA:126,0
DA:127,0
DA:128,0
DA:133,0
DA:134,0
DA:143,1
DA:144,1
DA:145,1
DA:146,2
DA:147,1
DA:149,1
DA:151,1
DA:153,1
DA:155,1
DA:164,1
DA:165,0
DA:166,0
DA:174,0
DA:176,0
DA:177,0
DA:178,0
DA:182,0
DA:183,0
DA:185,0
LF:83
LH:40
end_of_record
SF:lib/features/settings/screens/settings_screen.dart
DA:19,3
DA:21,1
DA:22,1
DA:26,1
DA:28,3
DA:31,3
DA:32,3
DA:33,1
DA:34,2
DA:35,1
DA:37,1
DA:38,1
DA:39,1
DA:41,1
DA:42,1
DA:46,0
DA:47,0
DA:58,1
DA:60,1
DA:61,1
DA:62,1
DA:67,0
DA:70,1
DA:75,0
DA:78,1
DA:83,0
DA:92,1
DA:93,1
DA:95,1
DA:96,1
DA:98,1
DA:105,1
DA:106,0
DA:119,0
DA:120,0
DA:122,0
DA:123,0
DA:124,0
DA:127,0
DA:130,0
DA:131,0
DA:132,0
DA:136,0
DA:139,0
DA:142,0
DA:143,0
DA:144,0
DA:148,0
DA:151,0
DA:154,0
DA:155,0
DA:156,0
DA:160,0
DA:163,0
DA:166,0
DA:167,0
DA:168,0
DA:174,0
DA:178,0
DA:180,0
DA:182,0
DA:186,1
DA:187,1
DA:188,1
DA:189,1
DA:191,1
DA:192,1
DA:193,1
DA:198,2
DA:201,1
DA:206,2
DA:209,1
DA:214,2
DA:225,0
DA:231,0
DA:232,0
DA:233,0
DA:234,0
DA:235,0
DA:245,0
DA:246,0
DA:247,0
DA:249,0
DA:250,0
DA:260,1
DA:274,1
DA:276,1
DA:278,1
DA:281,1
DA:282,1
DA:283,1
DA:284,1
DA:290,1
DA:292,1
DA:293,1
DA:294,1
DA:295,1
DA:298,1
DA:299,1
DA:309,1
DA:310,1
DA:312,1
DA:313,1
DA:315,1
DA:317,1
DA:322,1
DA:323,1
DA:328,1
DA:329,1
DA:340,1
DA:341,1
DA:342,1
DA:343,1
DA:344,1
DA:350,1
DA:351,1
DA:352,2
DA:353,1
DA:354,1
DA:359,2
DA:371,3
DA:375,1
DA:377,1
DA:378,1
DA:379,1
DA:381,3
DA:387,0
DA:403,0
DA:405,0
DA:406,0
DA:407,0
DA:408,0
DA:409,0
DA:412,0
DA:415,0
DA:416,0
DA:417,0
DA:419,0
DA:427,1
DA:441,1
DA:443,1
DA:444,1
DA:445,3
DA:446,1
DA:447,1
DA:448,1
DA:451,1
DA:454,2
DA:461,1
DA:466,1
DA:468,1
DA:469,2
DA:470,1
DA:473,1
DA:475,1
DA:476,1
DA:481,3
DA:487,3
DA:489,1
DA:491,1
DA:496,3
LF:161
LH:104
end_of_record
SF:lib/features/settings/screens/support_info_screen.dart
DA:10,3
DA:17,3
DA:18,3
DA:41,3
DA:42,3
DA:75,3
DA:76,3
DA:108,1
DA:110,1
DA:111,2
DA:115,1
DA:116,1
DA:117,1
DA:119,1
DA:120,1
DA:121,1
DA:122,1
DA:124,1
DA:125,1
DA:126,1
DA:128,0
DA:134,1
DA:135,1
DA:136,1
DA:137,1
DA:145,1
DA:146,1
DA:147,3
DA:154,2
DA:155,1
DA:156,1
DA:158,1
DA:159,1
DA:160,1
DA:161,3
DA:167,1
DA:168,1
DA:169,3
DA:187,3
LF:39
LH:38
end_of_record
SF:lib/features/wallet/screens/transaction_details_screen.dart
DA:16,0
DA:20,0
DA:22,0
DA:24,0
DA:25,0
DA:26,0
DA:27,0
DA:29,0
DA:30,0
DA:31,0
DA:32,0
DA:35,0
DA:38,0
DA:42,0
DA:44,0
DA:45,0
DA:47,0
DA:48,0
DA:57,0
DA:61,0
DA:63,0
DA:66,0
DA:67,0
DA:69,0
DA:71,0
DA:72,0
DA:74,0
DA:75,0
DA:78,0
DA:81,0
DA:82,0
DA:83,0
DA:86,0
DA:87,0
DA:89,0
DA:91,0
DA:100,0
DA:102,0
DA:109,0
DA:110,0
DA:118,0
DA:119,0
DA:131,0
DA:134,0
DA:135,0
DA:136,0
DA:138,0
DA:148,0
DA:153,0
DA:155,0
DA:157,0
DA:158,0
DA:159,0
DA:160,0
DA:168,0
DA:169,0
DA:170,0
LF:57
LH:0
end_of_record
SF:lib/features/wallet/screens/wallet_screen.dart
DA:23,3
DA:25,3
DA:27,6
DA:28,6
DA:29,6
DA:31,3
DA:32,3
DA:35,3
DA:36,3
DA:38,3
DA:41,3
DA:43,3
DA:44,6
DA:45,3
DA:46,3
DA:47,3
DA:48,3
DA:49,3
DA:51,3
DA:58,3
DA:59,3
DA:61,3
DA:71,3
DA:72,3
DA:73,3
DA:74,3
DA:76,3
DA:83,3
DA:84,3
DA:86,3
DA:97,3
DA:98,0
DA:99,0
DA:100,0
DA:101,0
DA:108,3
DA:109,3
DA:110,3
DA:113,3
DA:115,3
DA:116,3
DA:119,6
DA:120,3
DA:121,3
DA:122,4
DA:123,3
DA:128,3
DA:130,0
DA:131,0
DA:133,3
DA:134,3
DA:143,0
DA:147,0
DA:149,0
DA:159,3
DA:164,3
DA:166,3
DA:168,3
DA:171,3
DA:172,3
DA:173,3
DA:179,3
DA:180,3
DA:181,3
DA:184,3
DA:187,3
DA:190,3
DA:191,3
DA:192,3
DA:194,3
DA:197,6
DA:198,6
DA:199,3
DA:200,3
DA:202,6
DA:203,3
DA:207,9
DA:210,3
DA:211,6
DA:221,6
DA:223,3
DA:225,0
DA:227,0
DA:231,6
DA:241,3
DA:245,3
DA:247,3
DA:250,3
DA:251,3
DA:253,6
DA:255,3
DA:256,3
DA:259,3
DA:260,3
DA:261,3
DA:279,3
DA:281,3
DA:294,0
DA:298,0
DA:300,0
DA:302,0
DA:311,0
DA:312,0
DA:319,0
DA:320,0
DA:322,0
DA:327,0
DA:328,0
DA:329,0
DA:335,0
DA:336,0
DA:349,3
DA:351,3
DA:376,3
DA:380,0
DA:382,0
DA:384,0
DA:386,0
DA:387,0
DA:389,0
DA:391,0
DA:400,3
DA:402,0
LF:123
LH:90
end_of_record
SF:lib/widgets/navigation/app_shell.dart
DA:12,0
DA:21,0
DA:23,0
DA:25,0
DA:27,0
DA:28,0
DA:30,0
DA:31,0
DA:32,0
DA:33,0
DA:35,0
DA:46,0
DA:47,0
DA:48,0
DA:55,0
DA:63,0
DA:65,0
DA:67,0
DA:75,0
DA:78,0
DA:81,0
DA:82,0
DA:83,0
DA:84,0
DA:90,0
DA:91,0
DA:92,0
DA:93,0
DA:94,0
DA:95,0
DA:98,0
DA:99,0
DA:100,0
DA:101,0
DA:102,0
DA:103,0
DA:107,0
DA:111,0
DA:113,0
DA:117,0
DA:119,0
DA:120,0
DA:121,0
DA:128,0
DA:129,0
DA:132,0
DA:147,0
DA:155,3
DA:170,0
LF:49
LH:1
end_of_record
SF:lib/core/config/runtime_bootstrap.dart
DA:15,12
DA:17,4
DA:18,4
DA:19,4
DA:23,18
DA:25,0
DA:28,0
LF:7
LH:5
end_of_record
SF:lib/core/logging/app_logger.dart
DA:8,9
DA:9,3
DA:10,3
DA:11,3
DA:12,3
DA:16,3
DA:22,9
DA:23,3
DA:26,3
DA:28,3
DA:29,6
DA:30,3
DA:32,6
DA:33,4
DA:34,2
DA:35,0
DA:42,1
DA:43,4
DA:47,0
DA:48,0
DA:52,2
DA:54,8
DA:55,8
DA:57,8
LF:24
LH:21
end_of_record
SF:lib/core/storage/secure_auth_session_store.dart
DA:22,0
DA:23,0
DA:26,0
DA:27,0
DA:28,0
DA:31,0
DA:32,0
DA:35,0
DA:36,0
DA:39,0
DA:40,0
DA:46,0
DA:47,0
LF:13
LH:0
end_of_record
SF:lib/core/storage/structured_cache_store.dart
DA:11,3
DA:25,10
DA:34,8
DA:36,4
DA:37,0
DA:40,0
DA:42,8
DA:44,4
DA:47,4
DA:48,8
DA:49,4
DA:50,4
DA:56,2
DA:62,2
DA:71,4
DA:77,4
DA:86,2
DA:90,2
DA:91,4
DA:94,1
DA:98,2
DA:99,2
DA:100,2
DA:101,2
DA:102,2
DA:104,2
DA:105,2
DA:109,0
DA:110,0
DA:111,0
DA:112,0
DA:113,0
DA:114,0
DA:115,0
DA:122,3
DA:126,3
DA:127,6
DA:130,1
DA:134,3
DA:135,3
DA:137,3
DA:138,3
DA:139,3
DA:141,3
DA:142,3
DA:143,3
DA:144,3
DA:145,3
DA:149,0
DA:150,0
DA:151,0
DA:154,2
DA:159,4
DA:161,4
DA:163,2
DA:165,0
DA:166,0
DA:169,4
DA:171,2
DA:174,4
DA:175,4
DA:183,4
DA:184,4
DA:187,8
DA:188,4
DA:191,0
DA:198,4
DA:205,4
DA:206,4
DA:208,8
DA:210,4
DA:211,4
DA:212,4
DA:213,4
DA:218,3
DA:219,3
DA:220,3
DA:221,3
DA:224,3
DA:225,6
DA:226,0
DA:230,6
DA:231,6
DA:234,3
DA:235,6
DA:237,5
DA:240,2
DA:242,3
DA:244,3
DA:245,3
DA:250,0
DA:251,0
LF:92
LH:74
end_of_record
SF:lib/core/cache/shared_preferences_cache_service.dart
DA:9,4
DA:15,0
DA:16,0
DA:20,0
DA:21,0
DA:24,0
DA:25,0
DA:27,0
DA:28,0
DA:30,0
DA:32,0
DA:34,0
DA:39,0
DA:40,0
DA:43,0
DA:44,0
DA:47,0
DA:48,0
DA:51,0
DA:57,0
DA:62,0
DA:63,0
DA:66,0
DA:67,0
DA:70,0
DA:71,0
DA:72,0
DA:74,0
DA:79,0
DA:81,0
DA:84,0
DA:86,0
DA:89,0
DA:91,0
DA:94,0
DA:96,0
DA:99,0
DA:101,0
DA:104,0
DA:105,0
LF:40
LH:1
end_of_record
SF:lib/core/cache/stale_while_revalidate.dart
DA:29,1
DA:35,1
DA:40,1
DA:41,1
DA:47,1
DA:48,2
DA:51,1
DA:52,2
DA:58,1
DA:63,1
DA:68,1
DA:69,1
DA:73,1
DA:75,2
DA:79,0
DA:80,0
DA:89,1
DA:94,2
DA:95,2
DA:96,1
DA:101,1
DA:102,1
DA:103,1
LF:23
LH:21
end_of_record
SF:lib/core/config/bootstrap_config.dart
DA:15,10
DA:28,0
DA:29,0
DA:30,0
DA:31,0
DA:32,0
DA:33,0
DA:34,0
DA:35,0
DA:37,0
DA:38,0
DA:39,0
DA:40,0
DA:41,0
DA:42,0
DA:48,8
DA:49,8
DA:95,0
DA:96,0
DA:97,0
DA:100,3
DA:101,3
DA:102,12
DA:105,3
DA:106,3
DA:107,12
DA:110,0
DA:111,0
DA:112,0
DA:113,0
DA:114,0
DA:120,0
DA:121,0
DA:122,0
DA:123,0
DA:124,0
DA:125,0
DA:128,0
DA:129,0
DA:130,0
DA:131,0
DA:132,0
DA:133,0
DA:134,0
DA:137,0
DA:138,0
DA:139,0
DA:144,3
DA:145,3
DA:146,9
DA:149,1
DA:150,1
DA:151,2
DA:153,2
DA:154,1
DA:155,1
DA:156,6
DA:158,1
DA:159,1
DA:160,0
DA:161,0
DA:162,0
DA:165,1
DA:166,2
DA:169,3
DA:170,2
DA:171,4
DA:172,4
DA:173,1
DA:176,2
DA:188,0
DA:189,0
DA:192,5
DA:193,10
DA:194,9
DA:195,8
DA:202,1
DA:206,2
DA:207,2
DA:209,1
DA:210,2
DA:211,1
DA:212,2
DA:213,2
DA:217,2
DA:222,1
DA:223,5
DA:228,0
DA:229,0
DA:230,0
DA:236,0
DA:237,0
DA:238,0
DA:239,0
DA:240,0
DA:241,0
DA:242,0
DA:243,0
DA:244,0
DA:245,0
DA:246,0
DA:247,0
DA:248,0
DA:249,0
DA:250,0
DA:251,0
DA:252,0
DA:255,0
DA:256,0
DA:257,0
DA:258,0
DA:259,0
DA:260,0
DA:261,0
DA:262,0
DA:263,0
DA:264,0
DA:265,0
DA:266,0
DA:272,0
DA:273,0
DA:274,0
DA:275,0
DA:276,0
DA:277,0
DA:278,0
DA:279,0
DA:286,1
DA:287,2
DA:288,1
DA:290,1
DA:292,1
DA:293,1
DA:294,1
DA:301,0
DA:302,0
DA:303,0
DA:304,0
DA:305,0
DA:306,0
DA:307,0
DA:308,0
DA:315,0
DA:316,0
DA:317,0
DA:318,0
DA:319,0
DA:320,0
DA:321,0
DA:322,0
DA:329,0
DA:330,0
DA:331,0
DA:332,0
DA:333,0
DA:334,0
DA:335,0
DA:337,0
DA:339,0
DA:340,0
DA:347,0
DA:348,0
DA:349,0
DA:350,0
DA:351,0
DA:356,0
DA:357,0
DA:359,0
DA:360,0
DA:361,0
DA:364,0
DA:365,0
DA:367,0
DA:368,0
DA:369,0
DA:372,0
DA:375,0
DA:377,0
DA:378,0
DA:379,0
DA:385,0
DA:392,0
DA:393,0
DA:394,0
DA:395,0
DA:396,0
DA:397,0
DA:406,0
DA:407,0
DA:408,0
DA:409,0
DA:410,0
DA:416,3
DA:422,0
DA:423,0
DA:424,0
DA:425,0
DA:426,0
DA:434,0
DA:436,0
DA:437,0
DA:438,0
DA:439,0
DA:445,0
DA:451,0
DA:452,0
DA:453,0
DA:454,0
DA:455,0
DA:463,0
DA:464,0
DA:465,0
DA:466,0
DA:472,0
DA:480,0
DA:481,0
DA:482,0
DA:483,0
DA:484,0
DA:485,0
DA:486,0
DA:496,0
DA:497,0
DA:498,0
DA:499,0
DA:500,0
DA:501,0
DA:506,4
DA:520,4
DA:524,4
DA:526,24
DA:527,16
DA:529,8
DA:530,8
DA:531,8
DA:532,8
DA:533,8
DA:534,8
DA:535,4
DA:536,8
DA:537,4
DA:538,12
DA:554,0
DA:555,0
DA:556,0
DA:557,0
DA:558,0
DA:559,0
DA:560,0
DA:561,0
DA:562,0
DA:563,0
DA:564,0
DA:565,0
DA:570,4
DA:581,4
DA:582,4
DA:583,8
DA:584,8
DA:585,8
DA:586,8
DA:587,8
DA:588,8
DA:589,4
DA:590,8
DA:603,0
DA:604,0
DA:605,0
DA:606,0
DA:607,0
DA:608,0
DA:609,0
DA:610,0
DA:611,0
DA:616,4
DA:629,4
DA:630,8
DA:631,4
DA:632,16
DA:633,8
DA:634,4
DA:635,16
DA:636,8
DA:637,4
DA:638,6
DA:639,8
DA:640,4
DA:641,4
DA:642,8
DA:645,4
DA:646,11
DA:650,4
DA:651,8
DA:667,4
DA:668,8
DA:669,0
DA:675,0
DA:676,0
DA:677,0
DA:678,0
DA:679,0
DA:680,0
DA:681,0
DA:682,0
DA:683,0
DA:684,0
DA:685,0
DA:687,0
DA:692,1
DA:705,1
DA:706,1
DA:707,4
DA:708,4
DA:709,2
DA:710,2
DA:712,4
DA:713,2
DA:714,2
DA:716,4
DA:717,4
DA:718,3
DA:733,0
DA:734,0
DA:735,0
DA:736,0
DA:737,0
DA:738,0
DA:739,0
DA:740,0
DA:741,0
DA:742,0
DA:743,0
DA:749,3
DA:759,9
DA:765,0
DA:766,0
DA:770,0
DA:776,0
DA:779,0
DA:781,0
DA:783,0
DA:786,0
DA:787,0
DA:788,0
DA:789,0
DA:790,0
DA:791,0
DA:792,0
DA:794,0
DA:795,0
DA:796,0
DA:798,0
DA:802,0
DA:806,0
DA:810,0
DA:814,0
DA:817,0
DA:819,0
DA:820,0
DA:821,0
DA:822,0
DA:823,0
DA:825,0
DA:827,0
DA:831,0
DA:835,0
DA:836,0
DA:837,0
LF:368
LH:114
end_of_record
SF:lib/core/supabase/supabase_connection.dart
DA:23,0
DA:24,0
DA:26,1
DA:28,2
DA:32,0
DA:33,0
DA:34,0
DA:38,0
DA:41,3
DA:43,3
DA:44,0
DA:47,0
DA:50,3
DA:52,6
DA:54,0
DA:56,0
DA:57,0
DA:60,0
DA:62,0
DA:64,3
DA:65,6
DA:66,0
LF:22
LH:8
end_of_record
SF:lib/core/di/gateway_providers.dart
DA:45,24
DA:46,0
DA:51,4
DA:52,1
DA:62,0
DA:63,0
DA:64,0
DA:65,0
DA:69,0
DA:71,0
DA:72,0
DA:74,0
DA:81,0
DA:82,0
DA:83,0
DA:87,0
DA:88,0
DA:89,0
DA:91,0
DA:92,0
DA:93,0
DA:94,0
DA:95,0
DA:103,0
DA:104,0
DA:106,0
DA:107,0
DA:108,0
DA:111,0
DA:113,0
DA:114,0
DA:115,0
DA:116,0
DA:122,0
DA:123,0
DA:124,0
DA:125,0
DA:130,0
DA:131,0
DA:132,0
DA:133,0
DA:134,0
DA:140,0
DA:141,0
DA:142,0
DA:145,0
DA:150,0
DA:151,0
DA:153,0
DA:158,0
DA:159,0
DA:160,0
DA:161,0
DA:163,0
DA:170,0
DA:172,0
DA:173,0
DA:174,0
DA:175,0
DA:176,0
DA:182,0
DA:191,0
DA:194,0
DA:195,0
DA:196,0
DA:200,0
DA:201,0
DA:203,0
DA:208,0
DA:214,0
DA:219,0
DA:224,0
DA:225,0
DA:226,0
DA:227,0
DA:228,0
DA:231,0
DA:232,0
DA:233,0
DA:234,0
DA:236,0
DA:238,0
DA:239,0
DA:240,0
DA:242,0
DA:243,0
DA:249,0
DA:252,0
DA:256,0
DA:258,0
DA:259,0
DA:260,0
DA:262,0
DA:266,0
DA:267,0
DA:268,0
DA:270,0
DA:271,0
DA:272,0
DA:273,0
DA:274,0
DA:275,0
DA:276,0
DA:277,0
DA:279,0
DA:281,0
DA:284,0
DA:288,0
DA:290,0
DA:293,0
DA:294,0
DA:295,0
DA:296,0
DA:297,0
DA:300,0
DA:307,0
DA:308,0
DA:309,0
DA:311,0
DA:317,0
DA:322,0
DA:329,16
DA:330,12
DA:333,16
DA:334,4
DA:341,16
DA:342,12
DA:349,4
DA:350,1
DA:351,2
DA:352,2
DA:356,2
DA:357,2
DA:358,1
DA:359,2
DA:360,2
DA:364,0
DA:367,0
DA:368,0
DA:369,0
DA:377,4
DA:380,1
DA:381,2
DA:385,4
DA:386,3
DA:389,4
DA:390,3
DA:393,0
DA:394,0
DA:397,0
DA:398,0
DA:399,0
DA:400,0
DA:401,0
DA:402,0
DA:406,8
DA:407,6
DA:414,4
DA:415,1
DA:416,2
DA:417,2
DA:418,2
DA:426,4
DA:427,3
DA:434,8
DA:435,6
DA:438,3
DA:439,0
DA:442,0
DA:443,0
DA:450,6
DA:451,6
DA:452,3
DA:453,6
DA:454,6
DA:459,18
DA:460,9
DA:468,0
DA:469,0
DA:472,0
DA:475,0
DA:476,0
DA:477,0
DA:478,0
DA:482,0
DA:485,0
DA:486,0
DA:488,0
DA:489,0
DA:490,0
DA:491,0
DA:496,0
DA:499,0
DA:500,0
LF:194
LH:44
end_of_record
SF:lib/core/constants/league_constants.dart
DA:56,0
DA:57,0
DA:58,0
DA:59,0
DA:65,0
DA:66,0
DA:67,0
DA:70,0
DA:75,0
DA:77,0
DA:80,2
DA:82,2
DA:83,2
DA:84,4
DA:85,4
DA:86,2
DA:89,2
DA:90,2
DA:91,2
DA:93,4
DA:95,2
DA:96,2
DA:97,2
DA:98,2
DA:102,2
DA:103,2
DA:104,2
DA:108,2
DA:109,2
DA:110,2
DA:114,2
DA:115,2
DA:116,2
DA:120,2
DA:124,1
DA:128,1
DA:132,1
DA:139,1
DA:140,0
DA:143,1
DA:146,0
DA:147,0
LF:42
LH:29
end_of_record
SF:lib/core/constants/phone_presets.dart
DA:12,6
DA:18,3
DA:19,3
DA:20,3
DA:21,3
DA:22,3
DA:30,4
DA:39,3
DA:43,3
DA:44,3
DA:46,1
DA:49,1
DA:50,1
DA:51,3
DA:53,1
DA:56,0
DA:60,0
DA:63,1
DA:64,2
DA:65,2
DA:66,1
DA:67,1
LF:22
LH:20
end_of_record
SF:lib/core/utils/currency_utils.dart
DA:20,3
DA:29,1
DA:123,3
DA:129,1
DA:134,0
DA:135,0
DA:136,0
DA:137,0
DA:138,0
DA:139,0
DA:140,0
DA:141,0
DA:142,0
DA:148,1
DA:149,1
DA:150,2
DA:151,2
DA:152,3
DA:153,3
DA:159,1
DA:160,1
DA:161,1
DA:165,3
DA:166,0
DA:169,0
DA:171,0
DA:173,2
DA:176,2
DA:178,1
DA:180,1
DA:181,1
DA:183,2
DA:184,4
DA:185,2
DA:186,2
DA:187,1
DA:193,4
DA:195,1
DA:196,2
DA:197,2
DA:205,0
DA:212,1
DA:213,1
DA:215,5
DA:216,1
DA:218,4
DA:223,2
DA:224,2
DA:225,1
DA:226,1
DA:227,1
DA:229,4
DA:233,2
DA:234,2
DA:236,2
DA:243,1
DA:245,2
DA:246,2
DA:249,1
DA:250,2
DA:251,1
DA:253,1
DA:254,1
DA:255,1
DA:258,1
DA:259,1
DA:261,2
DA:264,2
DA:265,2
DA:266,1
DA:271,1
DA:274,3
DA:277,1
DA:283,2
DA:286,4
DA:287,8
DA:290,1
DA:291,2
DA:292,0
DA:293,0
DA:294,0
DA:295,0
DA:298,2
DA:299,1
DA:300,2
DA:301,0
DA:303,1
DA:306,4
DA:307,8
DA:310,1
DA:311,2
DA:312,1
DA:313,0
DA:315,1
DA:316,0
DA:317,0
LF:96
LH:75
end_of_record
SF:lib/core/utils/team_name_cleanup.dart
DA:1,3
DA:6,1
DA:7,1
DA:8,1
DA:9,2
DA:12,1
DA:13,1
DA:14,1
DA:16,1
DA:18,2
DA:19,1
DA:20,1
DA:22,2
DA:25,2
DA:26,2
DA:29,2
DA:30,0
DA:31,0
DA:33,0
DA:34,0
DA:35,0
DA:36,0
DA:38,0
DA:42,2
DA:43,2
DA:46,2
DA:47,2
DA:50,2
DA:54,2
DA:55,2
LF:30
LH:23
end_of_record
SF:lib/features/auth/data/auth_gateway.dart
DA:53,4
DA:60,0
DA:61,0
DA:63,0
DA:64,0
DA:66,3
DA:68,6
DA:70,0
DA:73,3
DA:74,6
DA:76,1
DA:77,2
DA:79,3
DA:80,6
DA:82,0
DA:84,0
DA:88,0
DA:89,0
DA:91,0
DA:96,0
DA:101,0
DA:102,0
DA:104,0
DA:107,0
DA:109,0
DA:110,0
DA:113,0
DA:114,0
DA:119,0
DA:120,0
DA:122,0
DA:127,0
DA:129,0
DA:130,0
DA:132,0
DA:136,0
DA:138,0
DA:144,0
DA:145,0
DA:148,0
DA:150,0
DA:151,0
DA:157,0
DA:164,0
DA:166,0
DA:167,0
DA:169,0
DA:170,0
DA:171,0
DA:175,0
DA:177,0
DA:180,0
DA:182,0
DA:183,0
DA:186,0
DA:189,0
DA:191,0
DA:195,0
DA:197,0
DA:200,0
DA:202,0
DA:203,0
DA:204,0
DA:205,0
DA:206,0
DA:208,0
DA:211,0
DA:216,0
DA:217,0
DA:219,0
DA:221,0
DA:223,0
DA:226,0
DA:227,0
DA:236,0
DA:242,0
DA:245,0
DA:246,0
DA:248,0
DA:250,0
DA:251,0
DA:252,0
DA:254,0
DA:255,0
DA:256,0
DA:264,0
DA:265,0
DA:266,0
DA:267,0
DA:271,0
DA:272,0
DA:274,0
DA:275,0
LF:93
LH:9
end_of_record
SF:lib/data/team_search_database.dart
DA:16,4
DA:19,2
DA:20,2
DA:23,2
DA:31,0
DA:34,0
DA:37,0
DA:40,1
DA:43,0
DA:46,2
DA:49,0
DA:52,0
DA:55,0
DA:58,1
DA:64,0
DA:67,1
DA:70,0
DA:76,0
DA:83,0
DA:86,1
DA:89,0
DA:92,2
DA:95,1
DA:101,0
DA:108,3
LF:25
LH:12
end_of_record
SF:lib/features/home/data/catalog_gateway.dart
DA:24,0
DA:36,0
DA:38,0
DA:41,0
DA:46,0
DA:52,0
DA:54,0
DA:57,0
DA:63,0
DA:70,0
DA:72,0
DA:75,0
DA:77,0
DA:80,0
DA:85,0
DA:91,0
DA:93,0
LF:17
LH:0
end_of_record
SF:lib/features/home/data/match_listing_gateway.dart
DA:27,3
DA:35,0
DA:41,0
DA:43,2
DA:44,2
DA:45,2
DA:49,2
DA:51,4
DA:52,2
DA:55,0
DA:56,0
DA:57,0
DA:58,0
DA:62,0
DA:63,0
DA:68,0
DA:69,0
DA:70,0
DA:71,0
DA:72,0
DA:76,0
DA:77,0
DA:78,0
DA:79,0
DA:80,0
DA:82,0
DA:85,0
DA:87,0
DA:94,0
DA:95,0
DA:97,0
DA:98,0
DA:99,0
DA:103,0
DA:104,0
DA:105,0
DA:106,0
DA:107,0
DA:108,0
DA:109,0
DA:112,0
DA:113,0
DA:114,0
DA:115,0
DA:116,0
DA:117,0
DA:118,0
DA:121,0
DA:123,0
DA:124,0
DA:125,0
DA:126,0
DA:129,0
DA:132,0
DA:136,0
DA:138,0
DA:142,0
DA:144,0
DA:146,0
DA:148,0
DA:150,0
DA:152,0
DA:154,0
DA:156,0
DA:157,0
DA:164,0
DA:168,0
DA:170,0
DA:174,0
DA:176,0
DA:178,0
DA:180,0
DA:182,0
DA:184,0
DA:186,0
DA:188,0
DA:189,0
DA:197,0
DA:200,0
DA:201,0
DA:202,0
DA:203,0
DA:204,0
DA:205,0
DA:206,0
DA:207,0
DA:208,0
DA:209,0
DA:213,0
DA:214,0
DA:216,0
DA:220,0
DA:225,0
DA:228,0
DA:234,0
DA:237,0
DA:241,0
DA:243,0
DA:246,0
DA:248,0
DA:249,0
DA:250,0
DA:253,0
DA:254,0
DA:255,0
DA:258,0
DA:259,0
DA:260,0
DA:263,0
DA:264,0
DA:265,0
DA:268,0
DA:269,0
DA:270,0
DA:273,0
DA:274,0
DA:275,0
DA:276,0
DA:277,0
DA:281,0
DA:282,0
DA:283,0
DA:288,0
DA:289,0
DA:290,0
DA:293,0
DA:295,0
DA:296,0
DA:297,0
DA:300,0
DA:301,0
DA:303,0
DA:305,0
DA:307,0
DA:315,0
DA:318,0
DA:322,0
DA:324,0
DA:325,0
DA:327,0
DA:332,0
DA:333,0
DA:334,0
DA:335,0
DA:337,0
DA:338,0
DA:339,0
DA:340,0
DA:342,0
DA:343,0
DA:346,0
DA:347,0
DA:348,0
DA:355,0
DA:357,0
DA:358,0
DA:359,0
DA:360,0
DA:361,0
DA:365,0
DA:368,0
DA:370,0
DA:371,0
DA:372,0
DA:383,0
DA:384,0
DA:385,0
DA:387,0
DA:388,0
DA:389,0
DA:390,0
DA:391,0
DA:392,0
DA:396,0
DA:397,0
DA:398,0
DA:400,0
DA:403,0
DA:405,0
DA:406,0
DA:407,0
DA:408,0
DA:409,0
DA:410,0
DA:419,0
DA:421,0
DA:422,0
DA:426,0
DA:428,0
DA:429,0
DA:433,0
DA:435,0
DA:436,0
DA:437,0
DA:439,0
DA:447,0
DA:449,0
DA:450,0
DA:457,1
DA:458,1
DA:460,3
DA:461,3
DA:462,3
DA:463,1
DA:464,2
DA:465,3
DA:466,1
DA:467,3
DA:468,1
DA:469,3
DA:470,1
DA:471,2
DA:472,3
DA:473,3
DA:474,2
DA:475,3
DA:476,2
DA:477,3
DA:478,2
DA:479,1
DA:480,2
DA:481,1
DA:482,1
DA:483,1
DA:484,1
DA:487,1
DA:488,1
DA:489,1
DA:490,1
DA:491,1
DA:492,3
DA:493,1
DA:494,3
DA:498,1
DA:499,2
DA:501,1
DA:502,1
DA:503,1
DA:504,1
DA:505,1
DA:507,1
DA:508,1
DA:509,1
DA:510,1
DA:511,1
DA:512,1
DA:513,1
DA:514,1
DA:516,1
DA:517,1
DA:518,1
DA:519,1
DA:520,1
DA:521,1
DA:522,1
DA:523,0
DA:526,0
DA:530,1
DA:531,2
DA:532,2
DA:533,1
LF:261
LH:68
end_of_record
SF:lib/features/onboarding/data/onboarding_gateway.dart
DA:59,1
DA:71,1
DA:72,1
DA:73,2
DA:74,1
DA:77,1
DA:78,2
DA:80,0
DA:82,0
DA:85,0
DA:87,0
DA:90,0
DA:92,0
DA:95,0
DA:105,0
DA:115,0
DA:126,0
DA:128,0
DA:129,0
DA:131,0
DA:134,0
DA:139,0
DA:140,0
DA:141,0
DA:142,0
DA:143,0
DA:144,0
DA:146,0
DA:148,0
DA:153,0
DA:158,0
DA:164,0
DA:173,0
DA:181,0
DA:183,0
DA:184,0
DA:188,0
DA:189,0
DA:193,0
DA:194,0
DA:195,0
DA:198,0
DA:202,0
DA:203,0
DA:204,0
DA:208,0
DA:209,0
DA:210,0
DA:213,0
DA:217,0
DA:218,0
DA:219,0
DA:222,0
DA:223,0
DA:228,0
DA:229,0
DA:233,0
DA:238,0
DA:239,0
DA:240,0
DA:241,0
DA:242,0
DA:245,0
DA:246,0
DA:253,0
DA:255,0
DA:256,0
DA:257,0
DA:260,0
DA:261,0
DA:265,0
DA:266,0
DA:267,0
DA:268,0
DA:270,0
DA:271,0
DA:272,0
DA:280,0
DA:284,0
DA:286,0
DA:291,0
DA:294,0
DA:296,0
DA:298,0
DA:299,0
DA:303,0
DA:306,0
DA:307,0
DA:308,0
DA:309,0
DA:310,0
DA:311,0
DA:314,0
DA:315,0
DA:316,0
DA:318,0
DA:319,0
DA:320,0
DA:324,0
DA:330,0
DA:332,0
DA:333,0
DA:335,0
DA:337,0
DA:338,0
DA:339,0
DA:340,0
DA:348,0
DA:349,0
DA:350,0
DA:351,0
DA:353,0
DA:360,0
DA:364,0
DA:369,0
DA:370,0
DA:371,0
DA:372,0
DA:373,0
DA:374,0
DA:375,0
DA:376,0
DA:379,0
DA:383,0
DA:389,0
DA:391,0
DA:394,0
DA:397,0
DA:398,0
DA:399,0
DA:400,0
DA:401,0
DA:402,0
DA:403,0
DA:404,0
DA:407,0
DA:411,0
DA:420,0
DA:423,0
DA:435,0
DA:446,0
DA:447,0
DA:448,0
DA:449,0
DA:452,0
DA:453,0
DA:454,0
DA:457,0
DA:460,0
DA:461,0
DA:464,0
DA:465,0
DA:469,0
DA:473,0
DA:476,0
DA:477,0
DA:478,0
DA:485,0
DA:486,0
DA:487,0
DA:488,0
DA:491,0
DA:492,0
DA:493,0
DA:494,0
DA:496,0
DA:498,0
DA:503,0
DA:504,0
DA:505,0
DA:506,0
DA:510,0
DA:511,0
DA:512,0
DA:513,0
DA:515,0
DA:518,0
DA:519,0
DA:521,0
DA:522,0
DA:524,0
DA:525,0
DA:526,0
DA:527,0
DA:528,0
DA:529,0
DA:530,0
DA:534,0
DA:535,0
DA:537,0
DA:538,0
DA:539,0
DA:541,0
DA:543,0
DA:544,0
DA:545,0
DA:546,0
DA:551,0
DA:552,0
DA:553,0
DA:554,0
DA:559,0
DA:561,0
DA:562,0
DA:563,0
DA:566,0
DA:570,0
DA:571,0
DA:573,0
DA:574,0
DA:576,0
DA:578,0
DA:583,0
DA:584,0
DA:586,0
DA:590,0
DA:591,0
DA:593,0
DA:598,0
DA:599,0
DA:600,0
DA:601,0
DA:608,0
DA:614,0
DA:622,0
DA:627,0
DA:634,0
DA:637,0
DA:640,0
DA:641,0
DA:642,0
DA:643,0
DA:644,0
DA:645,0
DA:646,0
DA:647,0
DA:650,0
DA:653,0
DA:654,0
DA:657,0
DA:663,0
DA:664,0
DA:665,0
DA:667,0
DA:670,0
DA:671,0
DA:673,0
DA:676,0
DA:677,0
DA:678,0
DA:679,0
DA:683,0
DA:686,0
DA:689,0
DA:691,0
DA:695,0
DA:696,0
DA:700,0
DA:701,0
DA:702,0
DA:709,0
DA:710,0
DA:711,0
DA:712,0
DA:713,0
DA:714,0
DA:715,0
LF:267
LH:7
end_of_record
SF:lib/features/settings/data/account_settings_gateway.dart
DA:29,1
DA:37,0
DA:41,0
DA:42,0
DA:47,0
DA:48,0
DA:49,0
DA:50,0
DA:51,0
DA:52,0
DA:55,0
DA:56,0
DA:58,0
DA:61,0
DA:66,0
DA:72,0
DA:73,0
DA:74,0
DA:75,0
DA:77,0
DA:81,0
DA:87,0
DA:88,0
DA:94,0
DA:95,0
DA:96,0
DA:97,0
DA:99,0
DA:102,0
DA:103,0
DA:104,0
DA:106,0
DA:110,0
DA:115,0
DA:117,0
DA:118,0
DA:121,0
DA:122,0
DA:124,0
DA:126,0
DA:127,0
DA:129,0
DA:133,0
DA:136,0
DA:138,0
DA:139,0
DA:141,0
DA:142,0
DA:143,0
DA:144,0
DA:145,0
DA:150,0
DA:152,0
DA:153,0
DA:158,0
DA:159,0
DA:160,0
DA:161,0
DA:164,0
DA:166,0
DA:167,0
DA:169,0
DA:172,0
DA:177,0
DA:182,0
DA:184,0
DA:185,0
DA:189,0
DA:190,0
DA:191,0
DA:192,0
DA:194,0
DA:196,0
DA:200,0
DA:203,0
DA:204,0
DA:207,0
DA:210,0
DA:214,0
DA:215,0
DA:216,0
DA:220,0
DA:221,0
DA:222,0
DA:226,0
DA:228,0
DA:229,0
DA:233,0
DA:237,0
DA:238,0
DA:239,0
LF:91
LH:1
end_of_record
SF:lib/features/settings/data/market_preferences_gateway.dart
DA:18,0
DA:25,0
DA:27,0
DA:32,0
DA:35,0
DA:37,0
DA:38,0
DA:39,0
DA:40,0
DA:46,0
DA:47,0
DA:48,0
DA:49,0
DA:51,0
DA:52,0
DA:54,0
DA:57,0
DA:62,0
DA:66,0
DA:68,0
DA:69,0
DA:70,0
DA:71,0
DA:78,0
DA:79,0
DA:80,0
DA:83,0
DA:87,0
DA:89,0
DA:90,0
DA:91,0
DA:94,0
DA:95,0
DA:98,0
DA:99,0
DA:100,0
DA:103,0
LF:37
LH:0
end_of_record
SF:lib/features/settings/data/notification_settings_gateway.dart
DA:47,1
DA:58,0
DA:59,0
DA:60,0
DA:61,0
DA:63,0
DA:67,0
DA:68,0
DA:71,0
DA:76,0
DA:77,0
DA:78,0
DA:79,0
DA:82,0
DA:86,0
DA:87,0
DA:89,0
DA:92,0
DA:97,0
DA:102,0
DA:103,0
DA:106,0
DA:107,0
DA:111,0
DA:113,0
DA:119,0
DA:121,0
DA:122,0
DA:123,0
DA:124,0
DA:126,0
DA:128,0
DA:133,0
DA:135,0
DA:136,0
DA:137,0
DA:138,0
DA:141,0
DA:148,0
DA:149,0
DA:150,0
DA:151,0
DA:153,0
DA:154,0
DA:155,0
DA:160,0
DA:163,0
DA:170,0
DA:174,0
DA:180,0
DA:181,0
DA:183,0
DA:184,0
DA:186,0
DA:187,0
DA:188,0
DA:193,0
DA:197,0
DA:198,0
DA:199,0
DA:200,0
DA:202,0
DA:206,0
DA:208,0
DA:209,0
DA:210,0
DA:212,0
DA:216,0
DA:220,0
DA:222,0
DA:225,0
DA:229,0
DA:231,0
DA:232,0
DA:233,0
DA:236,0
DA:237,0
DA:240,0
DA:242,0
DA:243,0
DA:245,0
DA:249,0
DA:253,0
DA:255,0
DA:259,0
DA:261,0
DA:262,0
DA:263,0
DA:266,0
DA:273,0
DA:274,0
DA:277,0
DA:278,0
DA:280,0
DA:281,0
DA:286,0
DA:287,0
DA:292,0
DA:298,0
DA:302,0
DA:303,0
DA:304,0
DA:305,0
DA:308,0
DA:313,0
DA:315,0
DA:317,0
DA:319,0
DA:322,0
DA:324,0
DA:325,0
DA:326,0
DA:329,0
DA:331,0
DA:332,0
DA:337,0
DA:338,0
DA:339,0
DA:340,0
DA:342,0
DA:343,0
DA:344,0
DA:346,0
DA:347,0
DA:350,0
DA:351,0
DA:356,0
DA:362,0
DA:363,0
DA:364,0
DA:371,0
DA:372,0
DA:373,0
DA:374,0
DA:375,0
DA:377,0
DA:379,0
DA:381,0
DA:383,0
DA:386,0
DA:390,0
DA:391,0
DA:394,0
DA:396,0
DA:397,0
DA:400,0
DA:402,0
DA:405,0
DA:412,0
DA:413,0
DA:416,0
DA:417,0
DA:421,0
DA:423,0
DA:428,0
DA:431,0
DA:432,0
DA:435,0
DA:438,0
DA:442,0
DA:443,0
DA:444,0
DA:448,0
DA:449,0
DA:450,0
DA:453,0
DA:456,0
DA:460,0
DA:461,0
DA:462,0
LF:170
LH:1
end_of_record
SF:lib/features/wallet/data/wallet_gateway.dart
DA:25,0
DA:32,6
DA:40,0
DA:47,0
DA:48,0
DA:49,0
DA:53,0
DA:54,0
DA:58,0
DA:59,0
DA:69,0
DA:70,0
DA:71,0
DA:72,0
DA:73,0
DA:81,0
DA:89,0
DA:90,0
DA:91,0
DA:92,0
DA:93,0
DA:94,0
DA:95,0
DA:97,0
DA:107,0
DA:108,0
DA:109,0
DA:110,0
DA:111,0
DA:112,0
DA:113,0
DA:119,0
DA:131,1
DA:140,0
DA:142,0
DA:143,0
DA:146,0
DA:148,0
DA:152,0
DA:154,0
DA:156,0
DA:157,0
DA:159,0
DA:160,0
DA:163,0
DA:166,0
DA:169,0
DA:171,0
DA:174,0
DA:176,0
DA:181,0
DA:183,0
DA:184,0
DA:187,0
DA:189,0
DA:194,0
DA:195,0
DA:196,0
DA:197,0
DA:198,0
DA:200,0
DA:201,0
DA:202,0
DA:203,0
DA:204,0
DA:205,0
DA:206,0
DA:207,0
DA:209,0
DA:210,0
DA:211,0
DA:212,0
DA:213,0
DA:217,0
DA:218,0
DA:221,0
DA:224,0
DA:227,0
DA:231,0
DA:232,0
DA:236,0
DA:237,0
DA:238,0
DA:239,0
DA:241,0
DA:242,0
DA:243,0
DA:245,0
DA:248,0
DA:255,0
DA:257,0
DA:259,0
DA:263,0
DA:264,0
DA:265,0
DA:266,0
DA:267,0
DA:268,0
DA:270,0
DA:272,0
DA:274,0
DA:275,0
DA:277,0
DA:281,0
DA:288,0
DA:290,0
DA:292,0
DA:296,0
DA:297,0
DA:298,0
DA:299,0
DA:300,0
DA:301,0
DA:303,0
DA:310,0
DA:312,0
DA:316,0
DA:317,0
DA:318,0
DA:319,0
DA:320,0
DA:325,0
DA:327,0
DA:328,0
DA:329,0
DA:330,0
DA:332,0
DA:333,0
DA:334,0
DA:335,0
DA:336,0
DA:337,0
DA:338,0
DA:339,0
DA:340,0
DA:342,0
DA:346,0
DA:347,0
DA:348,0
DA:349,0
DA:350,0
DA:351,0
DA:353,0
DA:354,0
DA:360,0
DA:367,0
DA:368,0
DA:369,0
DA:370,0
DA:372,0
DA:373,0
DA:374,0
DA:379,0
DA:380,0
DA:383,0
DA:384,0
DA:385,0
DA:386,0
DA:394,0
DA:395,0
DA:396,0
DA:397,0
DA:399,0
DA:402,0
DA:403,0
DA:406,0
DA:407,0
DA:408,0
DA:410,0
DA:413,0
DA:414,0
DA:417,0
DA:419,0
DA:420,0
DA:421,0
DA:422,0
DA:425,0
DA:431,0
DA:433,0
DA:434,0
DA:435,0
DA:436,0
DA:437,0
DA:438,0
DA:439,0
DA:440,0
DA:441,0
DA:442,0
DA:443,0
DA:444,0
DA:448,0
DA:449,0
DA:450,0
DA:451,0
DA:452,0
LF:195
LH:2
end_of_record
SF:lib/features/ordering/data/bell_gateway.dart
DA:26,0
DA:30,0
DA:31,0
DA:32,0
DA:33,0
DA:36,0
DA:42,0
DA:43,0
DA:45,0
DA:48,0
DA:50,0
DA:51,0
DA:52,0
DA:53,0
DA:54,0
DA:55,0
DA:59,0
DA:60,0
DA:62,0
DA:63,0
DA:66,0
DA:67,0
DA:71,0
DA:73,0
DA:74,0
DA:76,0
DA:79,0
DA:81,0
DA:85,0
DA:90,0
DA:95,0
DA:96,0
DA:97,0
DA:98,0
DA:99,0
DA:100,0
DA:103,0
DA:104,0
DA:105,0
DA:107,0
DA:109,0
DA:114,0
DA:119,0
DA:121,0
DA:125,0
DA:126,0
DA:130,0
DA:135,0
DA:137,0
DA:138,0
DA:139,0
DA:142,0
DA:146,0
DA:149,0
DA:150,0
DA:151,0
DA:152,0
LF:57
LH:0
end_of_record
SF:lib/features/ordering/data/order_gateway.dart
DA:80,1
DA:102,0
DA:103,0
DA:105,0
DA:110,1
DA:130,0
DA:135,1
DA:153,1
DA:154,2
DA:155,1
DA:156,3
DA:157,0
DA:160,2
DA:161,1
DA:162,1
DA:163,0
DA:165,1
DA:167,1
DA:169,2
DA:170,2
DA:171,1
DA:172,4
DA:175,1
DA:176,1
DA:177,2
DA:183,0
DA:188,0
DA:189,0
DA:190,0
DA:191,0
DA:194,0
DA:196,0
DA:197,0
DA:200,0
DA:201,0
DA:203,0
DA:206,0
DA:208,0
DA:209,0
DA:210,0
DA:211,0
DA:212,0
DA:213,0
DA:214,0
DA:215,0
DA:216,0
DA:217,0
DA:218,0
DA:219,0
DA:222,0
DA:226,0
DA:227,0
DA:229,0
DA:230,0
DA:233,0
DA:234,0
DA:238,0
DA:244,0
DA:245,0
DA:247,0
DA:250,0
DA:251,0
DA:256,0
DA:258,0
DA:259,0
DA:262,0
DA:263,0
DA:265,0
DA:266,0
DA:267,0
DA:271,0
DA:274,0
DA:281,0
DA:282,0
DA:284,0
DA:287,0
DA:289,0
DA:291,0
DA:298,0
DA:303,0
DA:304,0
DA:306,0
DA:308,0
DA:310,0
DA:312,0
DA:315,0
DA:320,0
DA:322,0
DA:323,0
DA:326,0
DA:331,0
DA:332,0
DA:333,0
DA:334,0
DA:337,0
DA:339,0
DA:344,0
DA:349,0
DA:350,0
DA:351,0
DA:353,0
DA:355,0
DA:356,0
DA:358,0
DA:361,0
DA:366,0
DA:367,0
DA:368,0
DA:369,0
DA:370,0
DA:373,0
DA:374,0
DA:375,0
DA:377,0
DA:382,0
DA:388,0
DA:393,0
DA:394,0
DA:395,0
DA:397,0
DA:398,0
DA:399,0
DA:403,0
DA:404,0
DA:407,0
DA:408,0
DA:409,0
DA:411,0
DA:416,0
DA:418,0
DA:419,0
DA:421,0
DA:424,0
DA:426,0
DA:427,0
DA:431,0
DA:440,0
DA:441,0
DA:443,0
DA:446,0
DA:447,0
DA:452,0
DA:454,0
DA:455,0
DA:465,0
DA:467,0
DA:472,0
DA:473,0
DA:474,0
DA:475,0
DA:477,0
DA:479,0
DA:483,0
DA:488,0
DA:493,0
DA:495,0
DA:496,0
DA:500,0
DA:505,0
DA:507,0
DA:508,0
DA:509,0
DA:512,0
DA:516,0
DA:519,0
DA:524,0
DA:526,0
DA:527,0
DA:531,0
DA:536,0
DA:538,0
DA:539,0
DA:540,0
DA:543,0
DA:547,0
DA:550,0
DA:551,0
DA:553,0
DA:555,0
DA:556,0
DA:557,0
DA:559,0
DA:563,0
DA:564,0
DA:565,0
DA:566,0
DA:567,0
DA:570,0
DA:571,0
DA:572,0
DA:573,0
DA:575,0
DA:576,0
DA:577,0
DA:578,0
DA:579,0
DA:581,0
DA:582,0
DA:583,0
DA:584,0
DA:585,0
DA:586,0
DA:587,0
DA:588,0
DA:589,0
DA:593,0
DA:595,0
DA:597,0
DA:599,0
DA:601,0
DA:602,0
DA:603,0
DA:604,0
DA:605,0
DA:611,0
DA:615,0
DA:616,0
DA:617,0
DA:618,0
DA:623,1
DA:630,1
DA:631,1
DA:632,1
DA:638,1
DA:639,1
DA:640,1
DA:646,1
DA:648,1
DA:652,1
DA:654,2
DA:655,2
LF:231
LH:31
end_of_record
SF:lib/features/ordering/data/venue_gateway.dart
DA:56,2
DA:60,0
DA:62,0
DA:67,0
DA:68,0
DA:69,0
DA:70,0
DA:71,0
DA:73,0
DA:75,0
DA:80,0
DA:82,0
DA:87,0
DA:88,0
DA:89,0
DA:90,0
DA:92,0
DA:94,0
DA:99,1
DA:104,2
DA:109,0
DA:110,0
DA:111,0
DA:112,0
DA:115,0
DA:118,0
DA:121,0
DA:122,0
DA:123,0
DA:125,0
DA:130,0
DA:136,0
DA:141,0
DA:142,0
DA:143,0
DA:144,0
DA:146,0
DA:147,0
DA:150,0
DA:151,0
DA:152,0
DA:153,0
DA:159,0
DA:162,0
DA:163,0
DA:164,0
DA:166,0
DA:171,0
DA:179,0
DA:183,0
DA:185,0
DA:188,0
DA:193,0
DA:194,0
DA:195,0
DA:196,0
DA:197,0
DA:198,0
DA:201,0
DA:202,0
DA:203,0
DA:206,0
DA:207,0
DA:208,0
DA:218,0
DA:220,0
DA:225,0
DA:226,0
DA:227,0
DA:228,0
DA:229,0
DA:232,0
DA:233,0
DA:234,0
DA:236,0
DA:238,0
DA:243,0
DA:249,0
DA:253,0
DA:256,0
DA:260,0
DA:263,0
DA:266,0
DA:267,0
DA:268,0
DA:270,0
DA:275,0
DA:279,0
DA:280,0
DA:282,0
DA:283,0
DA:284,0
DA:285,0
DA:286,0
DA:291,0
DA:293,0
DA:298,0
DA:299,0
DA:300,0
DA:301,0
DA:302,0
DA:305,0
DA:306,0
DA:307,0
DA:309,0
DA:316,1
DA:317,1
DA:318,1
DA:320,1
DA:324,0
DA:332,0
DA:337,0
DA:338,0
DA:339,0
DA:340,0
DA:341,0
DA:342,0
DA:344,0
DA:346,0
DA:347,0
DA:348,0
DA:349,0
DA:350,0
DA:353,0
DA:354,0
DA:356,0
DA:357,0
DA:358,0
DA:360,0
DA:363,0
DA:364,0
DA:365,0
DA:366,0
DA:369,0
DA:371,0
DA:376,0
DA:377,0
DA:378,0
DA:379,0
DA:380,0
DA:381,0
DA:382,0
DA:383,0
DA:384,0
DA:385,0
DA:386,0
DA:389,1
DA:396,2
DA:397,2
DA:398,1
DA:399,1
DA:402,6
DA:403,9
DA:404,5
DA:405,1
DA:408,3
LF:156
LH:17
end_of_record
SF:lib/core/location/location_service.dart
DA:16,1
DA:26,0
DA:30,4
DA:42,0
DA:44,0
DA:46,1
DA:54,1
DA:55,1
DA:56,1
DA:57,0
DA:58,0
DA:72,0
DA:74,0
DA:76,0
DA:79,0
DA:81,0
DA:84,0
DA:85,0
DA:86,0
DA:90,0
DA:91,0
DA:94,0
DA:96,0
DA:102,0
DA:103,0
DA:104,0
DA:105,0
DA:109,0
DA:111,0
DA:112,0
DA:114,0
DA:116,0
DA:118,0
DA:124,4
DA:125,1
DA:128,2
DA:129,2
DA:130,1
DA:131,2
DA:132,2
DA:137,2
DA:138,4
DA:147,0
DA:148,0
DA:149,0
DA:152,1
DA:153,3
DA:156,2
DA:157,1
DA:158,3
DA:161,1
DA:166,2
DA:167,1
DA:168,3
DA:176,0
DA:184,0
DA:185,0
DA:186,0
DA:187,0
DA:188,0
DA:191,1
DA:192,3
DA:193,3
DA:194,4
DA:197,2
DA:198,2
DA:199,2
DA:200,4
DA:205,0
DA:210,0
DA:211,0
DA:212,0
DA:218,1
DA:220,1
DA:222,1
DA:224,0
DA:226,0
DA:227,0
LF:78
LH:35
end_of_record
SF:lib/core/market/launch_market.dart
DA:12,2
DA:14,2
DA:15,2
DA:16,2
DA:17,2
DA:20,2
DA:22,2
DA:24,2
DA:25,2
DA:26,1
DA:28,1
DA:29,0
DA:30,0
DA:37,0
DA:38,0
DA:39,0
DA:41,0
DA:43,0
DA:50,0
DA:51,0
DA:52,0
DA:54,0
DA:56,0
DA:63,0
DA:64,0
DA:65,0
DA:67,0
DA:69,0
DA:76,0
DA:77,0
DA:78,0
DA:80,0
DA:82,0
DA:89,0
DA:90,0
DA:92,0
DA:94,0
DA:97,0
DA:101,0
DA:102,0
DA:103,0
DA:104,0
DA:105,0
DA:106,0
DA:107,0
DA:109,0
DA:119,1
DA:120,2
DA:121,2
DA:122,3
DA:123,5
DA:124,1
DA:132,1
DA:147,1
DA:148,3
DA:149,1
DA:151,1
DA:152,2
DA:153,1
DA:154,1
DA:155,1
DA:156,1
DA:157,1
DA:160,1
DA:163,0
DA:164,0
DA:165,0
DA:170,1
DA:171,1
DA:172,1
DA:174,1
DA:176,1
DA:177,1
DA:178,2
DA:179,2
DA:181,3
DA:182,1
LF:77
LH:39
end_of_record
SF:lib/core/media/cdn_url_resolver.dart
DA:4,0
DA:5,0
DA:6,0
DA:10,0
DA:11,0
DA:12,0
DA:13,0
DA:14,0
DA:15,0
DA:16,0
DA:19,0
DA:22,2
DA:23,2
DA:25,0
DA:26,0
DA:29,0
DA:30,0
DA:31,0
DA:32,0
DA:33,0
DA:34,0
DA:37,0
LF:22
LH:2
end_of_record
SF:lib/core/media/fz_image_cache_manager.dart
DA:7,0
DA:9,0
DA:11,0
DA:12,0
DA:13,0
DA:17,0
DA:21,0
DA:28,0
DA:29,0
DA:34,0
DA:35,0
LF:11
LH:0
end_of_record
SF:lib/core/performance/app_startup.dart
DA:13,1
DA:14,0
DA:22,0
DA:23,0
DA:25,1
DA:26,5
DA:29,3
DA:31,0
DA:33,0
DA:34,0
DA:35,0
DA:37,0
DA:39,0
DA:40,0
DA:41,0
DA:42,0
DA:43,0
DA:46,0
DA:49,1
DA:50,3
DA:51,5
DA:54,6
DA:55,1
DA:56,1
DA:57,1
DA:59,0
DA:64,1
DA:79,1
DA:80,2
DA:81,2
DA:84,1
DA:85,3
DA:86,3
DA:89,1
DA:90,1
DA:91,1
DA:94,0
DA:95,0
DA:96,0
DA:99,1
DA:100,1
DA:101,2
LF:42
LH:24
end_of_record
SF:lib/core/performance/frame_budget.dart
DA:8,0
DA:13,0
DA:14,0
DA:15,0
DA:16,0
DA:23,4
DA:25,0
DA:26,0
DA:27,0
DA:29,0
DA:30,0
DA:32,0
DA:33,0
DA:34,0
DA:35,0
DA:40,4
DA:50,1
DA:51,1
DA:52,1
DA:64,1
DA:65,1
DA:66,1
DA:67,3
DA:69,1
DA:70,3
DA:72,1
DA:73,3
DA:75,4
DA:76,4
DA:77,4
DA:89,1
DA:90,2
DA:91,2
DA:92,2
DA:94,1
DA:95,1
DA:96,3
DA:97,3
DA:98,3
DA:102,1
DA:103,2
DA:104,2
DA:105,2
DA:106,2
DA:107,2
DA:108,2
DA:109,2
DA:113,1
DA:114,1
DA:115,1
DA:116,1
DA:118,3
DA:120,3
DA:123,1
DA:124,1
DA:125,1
DA:127,1
DA:128,2
DA:129,1
LF:59
LH:45
end_of_record
SF:lib/core/utils/extensions.dart
DA:5,0
DA:6,0
DA:9,0
DA:10,0
DA:11,0
DA:12,0
DA:17,0
DA:22,0
DA:23,0
LF:9
LH:0
end_of_record
SF:lib/core/utils/phone_country_catalog.dart
DA:11,6
DA:23,0
DA:53,3
DA:54,2
DA:57,3
DA:58,3
DA:60,10
DA:61,6
DA:62,2
DA:65,2
DA:67,0
DA:68,0
DA:69,0
DA:70,0
DA:76,3
DA:77,6
DA:80,6
DA:81,3
DA:82,12
DA:83,3
DA:86,3
DA:87,3
DA:88,3
DA:89,6
DA:91,6
DA:92,2
DA:93,2
DA:94,2
DA:96,2
DA:99,9
DA:100,3
DA:101,3
DA:104,3
DA:105,6
DA:106,3
DA:107,3
DA:110,3
DA:111,3
DA:112,3
DA:113,3
DA:115,9
DA:116,9
DA:117,6
DA:118,6
DA:121,6
DA:122,6
DA:125,9
DA:126,9
DA:127,3
DA:128,3
DA:129,6
DA:132,3
DA:133,0
DA:135,3
DA:137,3
DA:139,3
DA:141,6
DA:146,6
DA:148,6
DA:149,6
DA:150,6
DA:151,12
DA:152,6
DA:153,9
DA:154,3
DA:156,9
DA:162,3
DA:166,9
DA:167,3
DA:170,3
DA:171,3
DA:172,3
DA:174,6
DA:175,3
DA:177,3
DA:179,3
DA:183,3
DA:184,3
DA:190,3
DA:191,9
DA:192,1
DA:193,1
DA:194,1
DA:201,3
DA:202,9
DA:203,9
DA:204,3
DA:206,9
DA:208,3
DA:209,6
DA:210,6
DA:215,3
DA:216,3
DA:217,6
DA:218,3
DA:220,6
[...]
DA:203,2
DA:206,1
DA:207,2
DA:208,3
DA:209,0
DA:210,0
DA:212,0
DA:216,0
DA:217,0
DA:220,3
DA:223,2
DA:226,1
DA:228,2
DA:229,3
DA:230,0
DA:231,0
DA:257,1
DA:259,1
DA:260,1
DA:263,1
DA:264,2
DA:265,3
DA:266,0
DA:267,0
DA:269,0
LF:74
LH:42
end_of_record
SF:lib/models/hospitality/order_model.g.dart
DA:9,2
DA:10,2
DA:11,2
DA:12,2
DA:13,2
DA:14,2
DA:15,2
DA:17,4
DA:19,2
DA:21,2
DA:24,4
DA:26,2
DA:27,2
DA:28,4
DA:29,4
DA:30,4
DA:31,4
DA:32,4
DA:34,4
DA:35,4
DA:36,2
DA:37,2
DA:39,0
DA:40,2
DA:42,0
DA:43,2
DA:45,0
DA:46,2
DA:48,0
DA:49,2
DA:51,2
DA:52,2
DA:54,0
DA:55,2
DA:56,3
DA:57,1
DA:60,0
DA:61,0
DA:62,0
DA:63,0
DA:64,0
DA:65,0
DA:66,0
DA:67,0
DA:68,0
DA:69,0
DA:70,0
DA:71,0
DA:72,0
DA:73,0
DA:74,0
DA:75,0
DA:76,0
DA:77,0
DA:78,0
DA:79,0
DA:80,0
DA:81,0
DA:82,0
DA:83,0
DA:84,0
DA:85,0
DA:123,1
DA:124,1
DA:125,1
DA:126,1
DA:127,1
DA:128,1
DA:129,1
DA:130,2
DA:131,2
DA:132,2
DA:133,1
DA:135,1
DA:136,0
DA:137,0
DA:139,1
DA:140,1
DA:142,0
DA:145,0
DA:147,0
DA:148,0
DA:149,0
DA:150,0
DA:151,0
DA:152,0
DA:153,0
DA:154,0
DA:155,0
DA:156,0
DA:157,0
DA:158,0
DA:159,0
LF:93
LH:45
end_of_record
SF:lib/models/hospitality/menu_category_model.dart
DA:19,0
DA:20,0
LF:2
LH:0
end_of_record
SF:lib/models/hospitality/menu_category_model.g.dart
DA:9,0
DA:11,0
DA:12,0
DA:13,0
DA:14,0
DA:15,0
DA:16,0
DA:17,0
DA:19,0
DA:20,0
DA:22,0
DA:25,0
DA:27,0
DA:28,0
DA:29,0
DA:30,0
DA:31,0
DA:32,0
DA:33,0
DA:34,0
LF:20
LH:0
end_of_record
SF:lib/models/hospitality/menu_item_model.dart
DA:33,0
DA:35,0
DA:36,0
DA:39,0
DA:40,0
DA:41,0
DA:42,0
DA:43,0
DA:45,0
DA:49,0
DA:50,0
DA:53,0
DA:56,0
DA:59,0
LF:14
LH:0
end_of_record
SF:lib/models/hospitality/menu_item_model.g.dart
DA:9,0
DA:11,0
DA:12,0
DA:13,0
DA:14,0
DA:15,0
DA:16,0
DA:17,0
DA:18,0
DA:19,0
DA:20,0
DA:21,0
DA:23,0
DA:26,0
DA:29,0
DA:30,0
DA:31,0
DA:34,0
DA:35,0
DA:36,0
DA:38,0
DA:39,0
DA:41,0
DA:44,0
DA:45,0
DA:46,0
DA:47,0
DA:48,0
DA:49,0
DA:50,0
DA:51,0
DA:52,0
DA:53,0
DA:54,0
DA:55,0
DA:56,0
DA:57,0
DA:58,0
DA:59,0
DA:60,0
DA:61,0
DA:62,0
LF:42
LH:0
end_of_record
SF:lib/features/ordering/providers/cart_provider.dart
DA:19,1
DA:39,0
DA:42,0
DA:43,0
DA:44,0
DA:45,0
DA:46,0
DA:48,0
DA:51,0
DA:56,0
DA:57,0
DA:58,0
DA:59,0
DA:60,0
DA:61,0
DA:62,0
DA:63,0
DA:64,0
DA:69,1
DA:70,1
DA:71,1
DA:72,1
DA:73,1
DA:74,1
DA:75,1
DA:76,1
DA:77,1
DA:78,1
DA:83,1
DA:84,1
DA:85,1
DA:86,1
DA:87,1
DA:88,1
DA:89,1
DA:100,4
DA:114,3
DA:115,3
DA:117,0
DA:118,0
DA:120,0
DA:121,0
DA:124,0
DA:126,0
DA:129,0
DA:130,0
DA:131,0
DA:132,0
DA:133,0
DA:134,0
DA:135,0
DA:136,0
DA:138,0
DA:142,0
DA:143,0
DA:144,0
DA:145,0
DA:146,0
DA:147,0
DA:153,1
DA:160,1
DA:161,0
DA:162,1
DA:163,1
DA:164,1
DA:165,1
DA:176,4
DA:179,1
DA:180,3
DA:181,0
DA:184,1
DA:186,0
DA:187,0
DA:188,0
DA:190,0
DA:193,3
DA:194,4
DA:200,0
DA:201,0
DA:202,0
DA:204,0
DA:206,0
DA:207,0
DA:208,0
DA:209,0
DA:212,0
DA:215,0
DA:219,0
DA:220,0
DA:221,0
DA:225,0
DA:226,0
DA:227,0
DA:230,0
DA:232,0
DA:236,0
DA:237,0
DA:238,0
DA:239,0
DA:240,0
DA:245,0
DA:246,0
DA:250,0
DA:251,0
DA:255,0
DA:256,0
DA:260,0
DA:261,0
DA:262,0
DA:263,0
DA:265,0
DA:269,0
DA:270,0
DA:274,4
DA:275,1
DA:279,0
DA:280,0
DA:284,0
DA:285,0
LF:119
LH:35
end_of_record
SF:lib/features/ordering/providers/order_provider.dart
DA:26,3
DA:36,0
DA:37,0
DA:38,0
DA:45,1
DA:46,1
DA:52,1
DA:58,2
DA:59,1
DA:60,0
DA:67,1
DA:70,1
DA:75,5
DA:76,1
DA:77,1
DA:82,2
DA:85,0
DA:86,0
DA:88,0
DA:89,0
DA:90,0
DA:91,0
DA:92,0
DA:93,0
DA:99,0
DA:101,0
DA:108,2
DA:109,1
DA:119,0
DA:120,0
DA:124,1
DA:129,1
DA:140,0
DA:141,0
DA:142,0
DA:143,0
DA:144,0
DA:153,0
DA:154,0
DA:155,0
DA:156,0
DA:161,2
DA:162,2
DA:163,0
DA:164,0
DA:165,0
DA:167,0
DA:168,0
DA:169,0
DA:172,0
DA:174,0
DA:177,0
DA:178,0
DA:181,0
DA:183,0
DA:184,0
DA:185,0
DA:189,0
DA:192,0
DA:200,0
DA:203,0
DA:206,0
DA:207,0
DA:215,0
DA:218,0
DA:219,0
DA:222,2
DA:223,2
DA:224,4
DA:225,1
DA:229,4
DA:230,4
DA:231,4
DA:234,0
DA:236,0
DA:237,0
DA:239,0
DA:240,0
DA:241,0
DA:242,0
DA:246,0
DA:251,0
DA:252,0
DA:253,0
DA:257,0
DA:258,0
DA:259,0
DA:262,0
LF:88
LH:25
end_of_record
SF:lib/services/app_telemetry.dart
DA:14,0
DA:18,6
DA:19,0
DA:21,6
DA:25,0
DA:28,0
DA:29,0
DA:32,2
DA:37,2
DA:38,2
DA:39,2
DA:41,2
DA:42,2
DA:43,2
DA:44,2
DA:45,4
DA:47,4
DA:50,4
DA:51,2
DA:52,2
DA:53,2
DA:54,4
DA:57,0
DA:61,0
DA:64,0
DA:66,0
DA:67,0
DA:69,0
DA:73,0
DA:74,0
DA:75,0
DA:76,0
DA:77,0
DA:80,2
DA:81,8
DA:83,0
DA:84,0
DA:87,0
DA:89,0
DA:90,0
DA:91,0
DA:95,0
DA:96,0
DA:97,0
DA:100,0
DA:102,0
DA:104,0
DA:106,0
DA:108,0
DA:109,0
DA:110,0
DA:111,0
DA:115,0
DA:120,0
DA:122,0
DA:123,0
DA:124,0
DA:125,0
DA:127,0
DA:129,0
DA:130,0
DA:131,0
DA:132,0
DA:134,0
DA:138,2
DA:140,4
DA:141,0
DA:145,2
DA:147,10
DA:150,0
DA:154,2
DA:155,6
DA:156,0
DA:161,2
DA:183,4
DA:184,2
DA:185,2
DA:186,2
DA:187,2
DA:188,2
DA:189,2
DA:190,2
DA:191,4
DA:192,2
DA:195,0
DA:196,0
DA:197,0
DA:199,0
DA:200,0
DA:201,0
DA:202,0
DA:203,0
DA:204,0
DA:205,0
DA:206,0
DA:209,0
DA:211,0
DA:213,0
DA:215,0
DA:217,0
DA:222,0
DA:225,0
LF:102
LH:36
end_of_record
SF:lib/widgets/common/fz_reference_modals.dart
DA:9,1
DA:15,2
DA:17,1
DA:21,2
DA:26,1
DA:27,1
DA:28,2
DA:29,2
DA:35,0
DA:36,0
DA:37,0
DA:40,0
DA:45,0
DA:52,0
DA:56,0
DA:64,0
DA:65,0
DA:66,0
DA:70,0
DA:71,0
DA:72,0
DA:78,0
DA:84,0
DA:88,0
DA:93,0
DA:94,0
DA:101,0
DA:102,0
DA:103,0
DA:106,0
DA:111,0
DA:120,0
DA:124,0
DA:131,0
DA:132,0
DA:133,0
DA:140,1
DA:168,1
DA:170,2
DA:172,1
DA:173,2
DA:174,1
DA:175,1
DA:178,1
DA:179,1
DA:180,1
DA:181,1
DA:187,1
DA:189,1
DA:191,1
DA:194,1
DA:195,1
DA:196,1
DA:206,1
DA:208,1
DA:209,1
DA:212,1
DA:213,2
DA:215,1
DA:216,2
DA:219,3
DA:222,1
DA:223,1
DA:225,1
DA:226,1
DA:227,1
DA:235,1
DA:236,1
DA:249,3
DA:251,1
DA:252,1
DA:253,5
DA:254,2
DA:255,3
DA:260,1
DA:262,0
DA:265,0
DA:268,0
DA:270,0
DA:271,0
DA:283,1
DA:284,1
DA:286,1
DA:287,1
DA:289,0
DA:290,2
DA:291,2
DA:292,1
DA:297,3
DA:299,1
DA:301,1
DA:302,1
DA:304,0
DA:305,2
DA:306,2
DA:307,1
DA:323,3
DA:328,1
DA:330,1
DA:332,1
DA:335,1
DA:337,1
DA:339,1
DA:340,1
DA:341,1
DA:351,1
DA:352,1
LF:107
LH:72
end_of_record
SF:lib/features/ordering/widgets/payment_handoff_sheet.dart
DA:9,0
DA:13,0
DA:15,0
DA:21,0
DA:23,0
DA:24,0
DA:27,0
DA:28,0
DA:29,0
DA:30,0
DA:36,0
DA:38,0
DA:40,0
DA:43,0
DA:44,0
DA:45,0
DA:55,0
DA:56,0
DA:57,0
DA:60,0
DA:61,0
DA:63,0
DA:64,0
DA:67,0
DA:74,0
DA:75,0
DA:77,0
DA:78,0
DA:86,0
DA:104,0
DA:106,0
DA:108,0
DA:110,0
DA:111,0
DA:113,0
DA:115,0
DA:122,0
DA:123,0
DA:138,0
DA:139,0
DA:141,0
DA:142,0
DA:143,0
DA:147,0
DA:148,0
DA:163,0
DA:168,0
DA:170,0
DA:173,0
DA:176,0
DA:178,0
DA:180,0
DA:181,0
DA:182,0
DA:190,0
DA:191,0
LF:56
LH:0
end_of_record
SF:lib/features/ordering/widgets/live_order_status_pill.dart
DA:12,3
DA:14,0
DA:16,0
DA:18,0
DA:19,0
DA:20,0
DA:22,0
DA:23,0
DA:25,0
DA:26,0
DA:32,0
DA:36,0
DA:38,0
DA:40,0
DA:43,0
DA:44,0
DA:46,0
DA:48,0
DA:49,0
DA:51,0
DA:56,0
DA:58,0
DA:59,0
DA:61,0
DA:64,0
DA:65,0
DA:67,0
DA:69,0
DA:70,0
DA:71,0
DA:91,0
DA:93,0
DA:95,0
DA:96,0
DA:98,0
DA:99,0
DA:101,0
DA:103,0
DA:105,0
DA:107,0
DA:109,0
DA:111,0
DA:113,0
DA:118,0
DA:120,0
DA:125,0
DA:129,0
DA:132,0
DA:133,0
DA:134,0
DA:135,0
DA:137,0
DA:140,0
DA:141,0
LF:54
LH:1
end_of_record
SF:lib/features/wallet/data/dev_rewards_ledger.dart
DA:5,0
DA:19,0
DA:20,0
DA:21,0
DA:22,0
DA:23,0
DA:24,0
DA:25,0
DA:32,0
DA:34,0
DA:43,0
DA:44,0
DA:46,0
DA:56,0
DA:57,0
DA:58,0
DA:61,0
DA:65,0
DA:68,0
DA:69,0
DA:70,0
DA:71,0
DA:72,0
DA:73,0
DA:76,0
DA:82,0
DA:85,0
DA:86,0
DA:87,0
DA:90,0
DA:91,0
DA:97,0
DA:99,0
DA:100,0
DA:101,0
DA:102,0
DA:103,0
DA:104,0
DA:106,0
DA:107,0
DA:108,0
DA:112,0
DA:115,0
DA:120,0
DA:121,0
DA:123,0
DA:124,0
DA:125,0
DA:129,0
DA:136,0
LF:50
LH:0
end_of_record
SF:lib/widgets/common/fz_eligibility_rule_card.dart
DA:11,3
DA:23,0
DA:25,0
DA:28,0
DA:29,0
DA:30,0
DA:31,0
DA:34,0
DA:35,0
DA:37,0
DA:38,0
DA:39,0
DA:40,0
DA:41,0
DA:42,0
DA:45,0
DA:46,0
DA:47,0
DA:48,0
DA:49,0
DA:54,0
DA:56,0
DA:68,0
DA:69,0
DA:71,0
DA:73,0
DA:76,0
DA:88,0
DA:90,0
DA:91,0
DA:92,0
LF:31
LH:1
end_of_record
SF:lib/models/platform/notification_model.dart
DA:18,1
DA:19,1
DA:31,1
DA:32,1
DA:46,1
DA:47,1
LF:6
LH:6
end_of_record
SF:lib/models/platform/notification_model.g.dart
DA:9,1
DA:11,1
DA:12,1
DA:13,1
DA:14,1
DA:15,1
DA:16,1
DA:17,2
DA:18,1
DA:20,2
DA:23,1
DA:25,1
DA:26,1
DA:27,1
DA:28,1
DA:29,1
DA:30,1
DA:31,2
DA:32,1
DA:35,1
DA:37,1
DA:38,1
DA:39,1
DA:40,1
DA:41,1
DA:44,1
DA:46,1
DA:47,1
DA:48,1
DA:49,1
DA:50,1
DA:53,1
DA:54,1
DA:55,2
DA:56,2
DA:57,2
DA:58,2
DA:59,2
DA:60,2
DA:63,1
DA:64,1
DA:65,1
DA:66,1
DA:67,1
DA:68,1
DA:69,1
DA:70,1
LF:47
LH:47
end_of_record
SF:lib/services/notification_service.dart
DA:13,0
DA:14,0
DA:19,0
DA:20,0
DA:21,0
DA:22,0
DA:24,1
DA:26,3
DA:27,3
DA:32,0
DA:35,0
DA:38,0
DA:39,0
DA:42,0
DA:45,0
DA:46,0
DA:48,0
DA:49,0
DA:53,0
DA:57,0
DA:60,0
DA:67,0
DA:68,0
DA:71,0
DA:72,0
DA:73,0
DA:74,0
DA:76,0
DA:77,0
DA:78,0
DA:79,0
DA:81,0
DA:82,0
DA:86,0
DA:87,0
DA:88,0
DA:91,0
DA:92,0
DA:93,0
DA:94,0
DA:95,0
DA:96,0
DA:97,0
DA:101,0
DA:103,0
DA:107,0
DA:108,0
DA:109,0
DA:112,0
DA:118,0
DA:119,0
DA:124,0
DA:126,0
DA:128,0
DA:130,0
DA:133,0
DA:137,0
DA:138,0
DA:142,0
DA:146,0
DA:148,0
DA:149,0
DA:150,0
DA:152,0
DA:157,0
DA:158,0
DA:159,0
DA:161,0
DA:162,0
DA:164,0
DA:167,0
DA:174,0
DA:176,0
DA:177,0
DA:180,2
DA:181,2
DA:182,0
DA:183,0
DA:187,0
DA:188,0
DA:189,0
DA:194,0
DA:196,0
DA:197,0
DA:201,0
DA:204,0
LF:86
LH:5
end_of_record
SF:lib/services/notification_service.g.dart
DA:9,0
DA:13,2
DA:14,1
DA:28,0
DA:33,0
DA:46,0
DA:50,0
DA:63,1
DA:68,2
DA:69,1
LF:10
LH:5
end_of_record
SF:lib/widgets/common/fz_glass_loader.dart
DA:6,3
DA:17,1
DA:19,3
DA:22,1
DA:25,1
DA:26,1
DA:27,1
DA:28,1
DA:34,4
DA:36,1
DA:37,1
DA:38,4
DA:48,1
DA:50,1
DA:51,1
DA:52,1
DA:53,1
DA:54,1
DA:55,1
DA:57,1
DA:59,1
DA:60,0
DA:61,1
DA:62,1
DA:64,1
DA:65,0
DA:77,1
DA:81,1
DA:82,1
DA:90,1
DA:92,1
DA:93,2
DA:96,1
DA:97,2
DA:100,3
DA:103,1
DA:105,2
DA:106,1
DA:109,1
DA:111,1
DA:112,1
DA:113,6
LF:42
LH:40
end_of_record
SF:lib/providers/currency_provider.dart
DA:9,0
DA:11,0
DA:12,0
DA:14,0
DA:15,0
DA:17,0
DA:21,9
DA:22,0
DA:23,0
DA:24,0
DA:26,0
DA:27,0
DA:28,0
DA:31,0
DA:32,0
DA:37,0
DA:40,0
DA:41,0
DA:42,0
DA:43,0
DA:47,0
DA:50,0
DA:51,0
DA:55,0
DA:56,0
DA:57,0
DA:60,0
DA:61,0
DA:62,0
DA:63,0
DA:70,11
DA:71,4
DA:73,6
DA:77,0
DA:79,0
DA:84,0
DA:86,0
DA:87,0
DA:88,0
DA:91,0
DA:92,0
DA:93,0
DA:94,0
DA:95,0
DA:98,0
DA:100,0
LF:46
LH:4
end_of_record
SF:lib/services/push_notification_service.dart
DA:17,0
DA:19,0
DA:23,0
DA:34,0
DA:35,0
DA:36,0
DA:38,0
DA:39,0
DA:40,0
DA:42,0
DA:43,0
DA:44,0
DA:46,0
DA:47,0
DA:53,0
DA:55,0
DA:56,0
DA:57,0
DA:58,0
DA:63,0
DA:64,0
DA:65,0
DA:67,0
DA:71,0
DA:72,0
DA:73,0
DA:75,0
DA:76,0
DA:78,0
DA:80,0
DA:82,0
DA:89,0
DA:90,0
DA:91,0
DA:96,0
DA:97,0
DA:100,0
DA:105,0
DA:106,0
DA:108,0
DA:110,0
DA:111,0
DA:112,0
DA:115,0
DA:116,0
DA:118,0
DA:119,0
DA:122,0
DA:124,0
DA:127,0
DA:130,0
DA:131,0
DA:134,0
DA:135,0
DA:138,1
DA:140,1
DA:141,1
DA:144,0
DA:145,0
DA:148,0
DA:149,0
DA:150,0
DA:153,0
DA:154,0
DA:157,0
DA:160,0
DA:164,0
DA:165,0
DA:169,0
DA:171,0
DA:172,0
DA:173,0
DA:175,0
DA:176,0
DA:183,0
DA:184,0
DA:185,0
DA:188,0
DA:189,0
DA:191,0
DA:192,0
DA:193,0
DA:197,0
DA:198,0
DA:200,0
DA:204,0
DA:206,0
DA:207,0
DA:208,0
DA:209,0
DA:210,0
DA:211,0
DA:213,0
DA:214,0
DA:215,0
DA:218,0
DA:219,0
DA:225,0
DA:226,0
DA:228,0
DA:229,0
DA:232,0
DA:233,0
DA:234,0
DA:237,0
DA:239,0
DA:244,0
DA:246,0
DA:250,0
DA:251,0
DA:255,0
DA:256,0
DA:259,0
DA:261,0
DA:265,0
DA:266,0
DA:267,0
DA:268,0
DA:269,0
DA:270,0
DA:271,0
DA:272,0
DA:275,0
DA:276,0
DA:277,0
DA:281,0
DA:283,0
DA:287,0
DA:288,0
DA:289,0
DA:293,0
DA:295,0
DA:301,0
DA:304,0
DA:305,0
DA:306,0
DA:308,0
DA:312,0
DA:314,0
DA:315,0
DA:316,0
DA:320,0
DA:321,0
DA:323,0
DA:324,0
DA:327,0
DA:331,0
DA:332,0
LF:148
LH:3
end_of_record
SF:lib/features/profile/widgets/fan_profile_editor_sheet.dart
DA:11,0
DA:20,0
DA:22,0
DA:23,0
DA:27,0
DA:28,0
DA:29,0
DA:30,0
DA:31,0
DA:32,0
DA:36,0
DA:41,0
DA:43,0
DA:44,0
DA:45,0
DA:46,0
DA:47,0
DA:49,0
DA:50,0
DA:51,0
LF:20
LH:0
end_of_record
SF:lib/features/profile/widgets/profile_identity_widgets.dart
DA:10,2
DA:25,2
DA:27,2
DA:29,2
DA:31,2
DA:32,2
DA:33,2
DA:34,2
DA:35,2
DA:38,2
DA:40,2
DA:43,2
DA:44,2
DA:48,2
DA:49,2
DA:65,2
DA:66,2
DA:68,2
DA:69,2
DA:70,2
DA:77,2
DA:78,6
DA:79,2
DA:80,4
DA:87,2
DA:88,2
DA:89,2
DA:103,2
DA:108,2
DA:109,2
DA:112,2
DA:113,2
DA:114,2
DA:119,2
DA:120,2
DA:123,2
DA:126,2
DA:135,2
DA:137,0
DA:141,0
DA:143,0
DA:144,0
DA:145,0
DA:150,0
DA:151,0
LF:45
LH:38
end_of_record
SF:lib/features/profile/widgets/profile_navigation_widgets.dart
DA:11,2
DA:26,2
DA:28,2
DA:30,2
DA:33,2
DA:34,2
DA:35,2
DA:37,2
DA:38,2
DA:39,2
DA:42,2
DA:44,2
DA:45,2
DA:56,2
DA:73,2
DA:75,2
DA:77,2
DA:80,2
DA:81,2
DA:82,2
DA:85,0
DA:88,2
DA:89,1
DA:92,1
DA:94,3
DA:95,2
DA:96,1
DA:99,1
DA:101,3
DA:102,4
DA:103,2
DA:104,2
DA:107,2
DA:118,2
DA:133,2
DA:135,6
DA:138,2
DA:139,2
DA:141,0
DA:142,0
DA:143,0
DA:145,2
DA:147,2
DA:148,2
DA:149,2
DA:152,2
DA:153,2
DA:154,2
DA:157,2
DA:158,2
DA:159,2
DA:161,2
DA:162,0
DA:165,2
DA:166,2
DA:168,2
DA:172,2
DA:173,2
DA:175,2
DA:176,2
DA:177,2
DA:178,2
DA:181,2
DA:184,8
DA:186,2
DA:187,4
DA:188,2
DA:191,2
DA:198,4
DA:200,2
DA:209,2
DA:210,12
DA:211,4
DA:215,3
DA:219,2
DA:221,2
DA:223,2
DA:224,2
DA:232,2
DA:236,2
DA:238,6
DA:240,2
DA:244,4
DA:250,0
DA:254,0
DA:256,0
DA:257,0
DA:258,0
DA:259,0
DA:286,3
DA:288,0
DA:290,0
DA:293,0
DA:294,0
DA:296,0
LF:95
LH:79
end_of_record
SF:lib/features/profile/widgets/profile_summary_widgets.dart
DA:12,0
DA:16,0
DA:18,0
DA:19,0
DA:20,0
DA:21,0
DA:23,0
DA:28,0
DA:29,0
DA:31,0
DA:36,0
DA:37,0
DA:39,0
DA:49,0
DA:60,0
DA:62,0
DA:63,0
DA:65,0
DA:66,0
DA:67,0
DA:68,0
DA:70,0
DA:71,0
DA:72,0
DA:81,0
DA:82,0
DA:84,0
DA:85,0
DA:87,0
DA:89,0
DA:94,0
DA:95,0
DA:96,0
DA:97,0
DA:99,0
DA:101,0
DA:103,0
DA:105,0
DA:111,0
DA:119,0
DA:130,0
DA:132,0
DA:135,0
DA:137,0
DA:138,0
DA:140,0
DA:141,0
DA:142,0
DA:143,0
DA:151,0
LF:50
LH:0
end_of_record
SF:lib/features/settings/data/preferences_gateway_shared.dart
DA:13,0
DA:16,0
DA:17,0
DA:18,0
DA:19,0
DA:20,0
DA:21,0
DA:22,0
DA:23,0
LF:9
LH:0
end_of_record
SF:lib/models/auth_and_user/account_deletion_request_model.dart
DA:2,0
DA:20,0
DA:22,0
DA:23,0
DA:24,0
DA:25,0
DA:26,0
DA:27,0
DA:28,0
DA:29,0
DA:31,0
DA:32,0
DA:33,0
DA:34,0
DA:36,0
LF:15
LH:0
end_of_record
SF:lib/models/auth_and_user/privacy_settings_model.dart
DA:2,3
DA:12,0
DA:16,0
DA:18,0
DA:19,0
LF:5
LH:1
end_of_record
SF:lib/features/settings/data/preferences_gateway.dart
DA:13,0
LF:1
LH:0
end_of_record
SF:lib/services/privacy_settings_service.dart
DA:9,0
DA:11,0
DA:14,0
DA:15,0
DA:16,0
DA:17,0
DA:20,0
DA:21,0
DA:23,0
DA:26,0
DA:27,0
DA:30,0
LF:12
LH:0
end_of_record
SF:lib/features/settings/widgets/privacy_widgets.dart
DA:11,1
DA:22,1
DA:24,3
DA:25,1
DA:27,1
DA:29,1
DA:30,1
DA:31,1
DA:36,1
DA:37,1
DA:38,1
DA:39,1
DA:40,2
DA:42,1
DA:43,1
DA:45,1
DA:46,1
DA:48,1
DA:51,1
DA:56,1
DA:58,1
DA:61,1
DA:79,1
DA:88,1
DA:90,3
DA:91,1
DA:92,1
DA:93,1
DA:95,1
DA:96,1
DA:100,1
DA:110,0
DA:125,0
DA:127,0
DA:129,0
DA:131,0
DA:132,0
DA:133,0
DA:134,0
DA:140,0
DA:142,0
DA:143,0
DA:146,0
DA:147,0
DA:150,0
DA:153,0
DA:154,0
DA:156,0
DA:157,0
DA:158,0
DA:165,0
DA:166,0
DA:167,0
DA:183,0
DA:200,0
DA:202,0
DA:204,0
DA:206,0
DA:207,0
DA:208,0
DA:209,0
DA:215,0
DA:216,0
DA:217,0
DA:218,0
DA:220,0
DA:222,0
DA:223,0
DA:224,0
DA:225,0
DA:226,0
DA:227,0
DA:234,0
DA:236,0
DA:241,0
DA:242,0
DA:243,0
DA:249,0
DA:250,0
DA:251,0
DA:252,0
DA:265,0
DA:276,0
DA:278,0
DA:279,0
DA:280,0
DA:281,0
DA:282,0
DA:283,0
DA:287,0
DA:289,0
DA:291,0
DA:292,0
DA:293,0
DA:296,0
DA:298,0
DA:314,0
DA:315,0
LF:98
LH:31
end_of_record
SF:lib/models/auth_and_user/wallet.dart
DA:17,2
DA:18,2
LF:2
LH:2
end_of_record
SF:lib/models/auth_and_user/wallet.g.dart
DA:9,2
DA:11,2
DA:12,2
DA:13,2
DA:14,4
DA:15,2
DA:16,4
DA:17,2
DA:20,2
DA:22,2
DA:23,2
DA:24,2
DA:25,2
DA:26,2
DA:27,4
DA:28,2
LF:16
LH:16
end_of_record
SF:lib/widgets/common/fz_animated_counter.dart
DA:15,3
DA:47,3
DA:48,3
DA:57,3
DA:59,3
DA:60,9
DA:61,12
DA:62,6
DA:63,6
DA:64,6
DA:65,15
DA:68,0
DA:70,0
DA:71,0
DA:72,0
DA:73,0
DA:74,0
DA:75,0
DA:76,0
DA:77,0
DA:78,0
DA:79,0
DA:83,3
DA:85,6
DA:86,3
DA:89,3
DA:90,6
DA:91,9
DA:93,0
DA:95,0
DA:96,0
DA:97,0
DA:101,3
DA:103,3
DA:105,6
DA:106,0
DA:109,3
DA:110,24
DA:111,6
DA:115,0
DA:116,0
DA:117,0
DA:118,0
DA:119,0
DA:120,0
LF:45
LH:23
end_of_record
SF:lib/features/wallet/widgets/wallet_screen_components.dart
DA:13,3
DA:30,3
DA:32,3
DA:35,3
DA:36,3
DA:37,3
DA:38,3
DA:40,3
DA:41,3
DA:42,3
DA:43,3
DA:44,3
DA:48,3
DA:49,21
DA:50,6
DA:55,3
DA:58,3
DA:59,6
DA:61,9
DA:63,9
DA:72,3
DA:76,3
DA:78,6
DA:80,9
DA:81,3
DA:82,3
DA:83,3
DA:84,3
DA:85,3
DA:86,3
DA:87,3
DA:88,3
DA:90,9
DA:93,3
DA:95,3
DA:96,3
DA:97,3
DA:100,3
DA:101,3
DA:103,6
DA:105,3
DA:108,3
DA:109,3
DA:111,3
DA:112,3
DA:113,6
DA:114,3
DA:116,3
DA:117,6
DA:118,3
DA:126,3
DA:127,12
DA:128,3
DA:135,3
DA:137,3
DA:138,1
DA:140,1
DA:142,1
DA:143,1
DA:145,1
DA:147,1
DA:148,0
DA:150,0
DA:152,0
DA:154,0
DA:156,0
DA:158,0
LF:67
LH:61
end_of_record
SF:lib/services/auth_service.dart
DA:8,3
DA:12,0
DA:14,9
DA:16,3
DA:18,0
DA:21,9
DA:24,0
DA:25,0
DA:27,1
DA:29,2
DA:30,0
DA:33,0
DA:38,1
DA:40,2
DA:41,0
DA:44,0
DA:50,0
DA:52,0
DA:53,0
DA:56,0
DA:61,0
DA:63,0
DA:64,0
DA:67,0
DA:72,0
DA:74,0
DA:75,0
DA:78,0
DA:84,0
DA:89,0
DA:91,0
DA:96,0
DA:98,9
LF:33
LH:9
end_of_record
SF:lib/providers/featured_events_provider.dart
DA:7,0
DA:8,0
DA:9,0
DA:11,0
DA:12,0
DA:15,0
DA:16,0
DA:18,0
DA:19,0
DA:22,0
DA:23,0
DA:24,0
DA:25,0
DA:26,0
DA:29,0
DA:30,0
DA:32,0
DA:33,0
DA:36,0
DA:37,0
DA:39,0
DA:40,0
DA:43,0
DA:44,0
DA:45,0
DA:46,0
LF:26
LH:0
end_of_record
SF:lib/widgets/common/fz_notification_toast.dart
DA:24,0
DA:42,0
DA:50,0
DA:53,0
DA:54,0
DA:59,0
DA:60,0
DA:61,0
DA:62,0
DA:67,0
DA:70,0
DA:71,0
DA:82,0
DA:84,0
DA:85,0
DA:91,0
DA:94,0
DA:96,0
DA:97,0
DA:98,0
DA:103,0
DA:106,0
DA:108,0
DA:109,0
DA:112,0
DA:113,0
DA:114,0
DA:115,0
DA:119,0
DA:121,0
DA:122,0
DA:123,0
DA:126,0
DA:127,0
DA:128,0
DA:130,0
DA:132,0
DA:137,0
DA:138,0
DA:139,0
DA:141,0
DA:143,0
DA:148,0
DA:150,0
DA:151,0
DA:153,0
DA:154,0
DA:157,0
DA:158,0
DA:159,0
DA:160,0
DA:161,0
DA:162,0
DA:163,0
DA:164,0
DA:165,0
DA:166,0
DA:167,0
DA:168,0
DA:171,0
DA:173,0
DA:177,0
DA:178,0
DA:179,0
DA:181,0
DA:182,0
DA:183,0
DA:189,0
DA:190,0
DA:191,0
DA:193,0
DA:199,0
DA:202,0
DA:203,0
DA:206,0
DA:207,0
DA:208,0
DA:209,0
DA:218,0
DA:219,0
DA:222,0
LF:81
LH:0
end_of_record
SF:lib/theme/app_theme.dart
DA:15,7
DA:16,7
DA:18,7
DA:26,7
DA:33,7
DA:77,7
DA:82,7
DA:83,7
DA:88,7
DA:90,7
DA:91,7
DA:100,7
DA:101,7
DA:104,7
DA:105,7
DA:113,7
DA:114,7
DA:117,7
DA:118,7
DA:127,7
DA:128,7
DA:137,7
DA:138,7
DA:158,7
DA:161,7
DA:162,7
DA:165,7
DA:166,7
DA:169,7
DA:170,7
DA:177,14
DA:181,7
DA:183,14
DA:187,7
DA:188,7
DA:205,2
LF:36
LH:36
end_of_record
SF:lib/widgets/common/fz_offline_banner.dart
DA:9,3
DA:11,0
DA:13,0
DA:14,0
DA:15,0
DA:18,0
DA:20,0
DA:22,0
DA:27,0
DA:28,0
DA:35,0
DA:36,0
DA:38,0
LF:13
LH:1
end_of_record
SF:lib/widgets/common/fz_animated_entry.dart
DA:11,1
DA:34,2
DA:35,2
DA:46,2
DA:48,2
DA:49,8
DA:51,2
DA:52,2
DA:56,6
DA:57,4
DA:58,6
DA:60,2
DA:63,2
DA:65,2
DA:66,6
DA:68,2
DA:69,4
DA:73,0
DA:77,0
DA:80,0
DA:81,0
DA:83,0
DA:84,0
DA:88,2
DA:90,4
DA:91,2
DA:94,2
DA:96,2
DA:97,4
DA:100,0
DA:101,0
DA:102,0
LF:32
LH:23
end_of_record
SF:lib/providers/competitions_provider.dart
DA:7,3
DA:8,0
DA:9,0
DA:10,0
DA:14,0
DA:15,0
DA:16,0
DA:18,0
DA:19,0
DA:22,2
DA:23,2
DA:25,0
DA:26,0
DA:29,0
DA:30,0
DA:31,0
DA:32,0
DA:34,0
DA:35,0
DA:36,0
DA:37,0
DA:38,0
DA:39,0
DA:40,0
DA:43,0
DA:47,0
DA:48,0
DA:49,0
DA:50,0
DA:52,0
DA:53,0
DA:54,0
DA:55,0
DA:56,0
DA:57,0
DA:58,0
DA:59,0
DA:62,0
DA:63,0
DA:67,0
DA:68,0
DA:69,0
DA:71,0
DA:72,0
DA:75,0
DA:78,0
DA:79,0
DA:80,0
DA:81,0
DA:82,0
DA:83,0
DA:84,0
DA:85,0
DA:87,0
DA:89,0
DA:90,0
LF:56
LH:3
end_of_record
SF:lib/core/errors/app_exception.dart
DA:7,1
DA:8,1
DA:11,1
DA:12,1
DA:13,1
DA:18,1
DA:19,1
DA:20,1
DA:21,1
DA:22,1
DA:23,1
DA:24,1
DA:25,1
DA:26,1
DA:27,1
DA:28,2
DA:32,1
DA:33,1
DA:34,1
DA:35,1
DA:36,1
DA:43,1
DA:49,1
DA:50,2
DA:51,2
LF:25
LH:25
end_of_record
SF:lib/shells/web_mobile_shell.dart
DA:8,1
DA:14,1
DA:16,1
DA:18,1
DA:20,1
DA:21,1
DA:22,1
DA:23,1
DA:24,0
DA:25,1
DA:26,1
DA:27,0
DA:28,1
DA:31,1
DA:32,1
DA:33,1
DA:36,1
DA:37,2
DA:38,1
LF:19
LH:17
end_of_record
